 KPT            1  SPIN            1  KWEIGHT   3.831417624521073E-003
   -10.37020     2.00000
     6.36255     2.00000
     6.36255     2.00000
     6.36255     2.00000
    15.04749     0.00000
 
 KPT            2  SPIN            1  KWEIGHT   3.831417624521073E-003
   -10.36942     2.00000
     6.35928     2.00000
     6.36226     2.00000
     6.36226     2.00000
    15.05112     0.00000
 
 KPT            3  SPIN            1  KWEIGHT   3.831417624521073E-003
   -10.36709     2.00000
     6.34950     2.00000
     6.36137     2.00000
     6.36137     2.00000
    15.06197     0.00000
 
 KPT            4  SPIN            1  KWEIGHT   3.831417624521073E-003
   -10.36321     2.00000
     6.33329     2.00000
     6.35989     2.00000
     6.35989     2.00000
    15.07994     0.00000
 
 KPT            5  SPIN            1  KWEIGHT   3.831417624521073E-003
   -10.35778     2.00000
     6.31081     2.00000
     6.35783     2.00000
     6.35783     2.00000
    15.10488     0.00000
 
 KPT            6  SPIN            1  KWEIGHT   3.831417624521073E-003
   -10.35080     2.00000
     6.28224     2.00000
     6.35519     2.00000
     6.35519     2.00000
    15.13655     0.00000
 
 KPT            7  SPIN            1  KWEIGHT   3.831417624521073E-003
   -10.34229     2.00000
     6.24784     2.00000
     6.35199     2.00000
     6.35199     2.00000
    15.17469     0.00000
 
 KPT            8  SPIN            1  KWEIGHT   3.831417624521073E-003
   -10.33226     2.00000
     6.20789     2.00000
     6.34822     2.00000
     6.34822     2.00000
    15.21897     0.00000
 
 KPT            9  SPIN            1  KWEIGHT   3.831417624521073E-003
   -10.32071     2.00000
     6.16272     2.00000
     6.34390     2.00000
     6.34390     2.00000
    15.26902     0.00000
 
 KPT           10  SPIN            1  KWEIGHT   3.831417624521073E-003
   -10.30766     2.00000
     6.11269     2.00000
     6.33904     2.00000
     6.33904     2.00000
    15.32444     0.00000
 
 KPT           11  SPIN            1  KWEIGHT   3.831417624521073E-003
   -10.29313     2.00000
     6.05819     2.00000
     6.33367     2.00000
     6.33367     2.00000
    15.38480     0.00000
 
 KPT           12  SPIN            1  KWEIGHT   3.831417624521073E-003
   -10.27714     2.00000
     5.99964     2.00000
     6.32779     2.00000
     6.32779     2.00000
    15.44966     0.00000
 
 KPT           13  SPIN            1  KWEIGHT   3.831417624521073E-003
   -10.25970     2.00000
     5.93745     2.00000
     6.32142     2.00000
     6.32142     2.00000
    15.51855     0.00000
 
 KPT           14  SPIN            1  KWEIGHT   3.831417624521073E-003
   -10.24085     2.00000
     5.87208     2.00000
     6.31458     2.00000
     6.31458     2.00000
    15.59100     0.00000
 
 KPT           15  SPIN            1  KWEIGHT   3.831417624521073E-003
   -10.22061     2.00000
     5.80396     2.00000
     6.30729     2.00000
     6.30729     2.00000
    15.66654     0.00000
 
 KPT           16  SPIN            1  KWEIGHT   3.831417624521073E-003
   -10.19902     2.00000
     5.73355     2.00000
     6.29958     2.00000
     6.29958     2.00000
    15.74468     0.00000
 
 KPT           17  SPIN            1  KWEIGHT   3.831417624521073E-003
   -10.17611     2.00000
     5.66131     2.00000
     6.29146     2.00000
     6.29146     2.00000
    15.82496     0.00000
 
 KPT           18  SPIN            1  KWEIGHT   3.831417624521073E-003
   -10.15193     2.00000
     5.58770     2.00000
     6.28296     2.00000
     6.28296     2.00000
    15.90691     0.00000
 
 KPT           19  SPIN            1  KWEIGHT   3.831417624521073E-003
   -10.12651     2.00000
     5.51318     2.00000
     6.27411     2.00000
     6.27411     2.00000
    15.99007     0.00000
 
 KPT           20  SPIN            1  KWEIGHT   3.831417624521073E-003
   -10.09991     2.00000
     5.43821     2.00000
     6.26493     2.00000
     6.26493     2.00000
    16.07399     0.00000
 
 KPT           21  SPIN            1  KWEIGHT   3.831417624521073E-003
   -10.07218     2.00000
     5.36323     2.00000
     6.25545     2.00000
     6.25545     2.00000
    16.15823     0.00000
 
 KPT           22  SPIN            1  KWEIGHT   3.831417624521073E-003
   -10.04337     2.00000
     5.28870     2.00000
     6.24570     2.00000
     6.24570     2.00000
    16.24235     0.00000
 
 KPT           23  SPIN            1  KWEIGHT   3.831417624521073E-003
   -10.01354     2.00000
     5.21508     2.00000
     6.23570     2.00000
     6.23570     2.00000
    16.32592     0.00000
 
 KPT           24  SPIN            1  KWEIGHT   3.831417624521073E-003
    -9.98277     2.00000
     5.14281     2.00000
     6.22549     2.00000
     6.22549     2.00000
    16.40851     0.00000
 
 KPT           25  SPIN            1  KWEIGHT   3.831417624521073E-003
    -9.95111     2.00000
     5.07234     2.00000
     6.21510     2.00000
     6.21510     2.00000
    16.48972     0.00000
 
 KPT           26  SPIN            1  KWEIGHT   3.831417624521073E-003
    -9.91864     2.00000
     5.00412     2.00000
     6.20455     2.00000
     6.20455     2.00000
    16.56910     0.00000
 
 KPT           27  SPIN            1  KWEIGHT   3.831417624521073E-003
    -9.88545     2.00000
     4.93858     2.00000
     6.19388     2.00000
     6.19388     2.00000
    16.64625     0.00000
 
 KPT           28  SPIN            1  KWEIGHT   3.831417624521073E-003
    -9.85160     2.00000
     4.87618     2.00000
     6.18312     2.00000
     6.18312     2.00000
    16.72074     0.00000
 
 KPT           29  SPIN            1  KWEIGHT   3.831417624521073E-003
    -9.81720     2.00000
     4.81734     2.00000
     6.17230     2.00000
     6.17230     2.00000
    16.79214     0.00000
 
 KPT           30  SPIN            1  KWEIGHT   3.831417624521073E-003
    -9.78233     2.00000
     4.76252     2.00000
     6.16146     2.00000
     6.16146     2.00000
    16.86003     0.00000
 
 KPT           31  SPIN            1  KWEIGHT   3.831417624521073E-003
    -9.74709     2.00000
     4.71215     2.00000
     6.15061     2.00000
     6.15061     2.00000
    16.92397     0.00000
 
 KPT           32  SPIN            1  KWEIGHT   3.831417624521073E-003
    -9.71158     2.00000
     4.66664     2.00000
     6.13981     2.00000
     6.13981     2.00000
    16.98355     0.00000
 
 KPT           33  SPIN            1  KWEIGHT   3.831417624521073E-003
    -9.67591     2.00000
     4.62644     2.00000
     6.12907     2.00000
     6.12907     2.00000
    17.03832     0.00000
 
 KPT           34  SPIN            1  KWEIGHT   3.831417624521073E-003
    -9.64018     2.00000
     4.59193     2.00000
     6.11843     2.00000
     6.11843     2.00000
    17.08787     0.00000
 
 KPT           35  SPIN            1  KWEIGHT   3.831417624521073E-003
    -9.60452     2.00000
     4.56350     2.00000
     6.10793     2.00000
     6.10793     2.00000
    17.13179     0.00000
 
 KPT           36  SPIN            1  KWEIGHT   3.831417624521073E-003
    -9.56905     2.00000
     4.54154     2.00000
     6.09758     2.00000
     6.09758     2.00000
    17.16968     0.00000
 
 KPT           37  SPIN            1  KWEIGHT   3.831417624521073E-003
    -9.53389     2.00000
     4.52635     2.00000
     6.08743     2.00000
     6.08743     2.00000
    17.20119     0.00000
 
 KPT           38  SPIN            1  KWEIGHT   3.831417624521073E-003
    -9.49916     2.00000
     4.51825     2.00000
     6.07749     2.00000
     6.07749     2.00000
    17.22597     0.00000
 
 KPT           39  SPIN            1  KWEIGHT   3.831417624521073E-003
    -9.46501     2.00000
     4.51746     2.00000
     6.06781     2.00000
     6.06781     2.00000
    17.24376     0.00000
 
 KPT           40  SPIN            1  KWEIGHT   3.831417624521073E-003
    -9.43155     2.00000
     4.52415     2.00000
     6.05840     2.00000
     6.05840     2.00000
    17.25433     0.00000
 
 KPT           41  SPIN            1  KWEIGHT   3.831417624521073E-003
    -9.39893     2.00000
     4.53842     2.00000
     6.04930     2.00000
     6.04930     2.00000
    17.25754     0.00000
 
 KPT           42  SPIN            1  KWEIGHT   3.831417624521073E-003
    -9.36728     2.00000
     4.56026     2.00000
     6.04053     2.00000
     6.04053     2.00000
    17.25334     0.00000
 
 KPT           43  SPIN            1  KWEIGHT   3.831417624521073E-003
    -9.33672     2.00000
     4.58954     2.00000
     6.03212     2.00000
     6.03212     2.00000
    17.24179     0.00000
 
 KPT           44  SPIN            1  KWEIGHT   3.831417624521073E-003
    -9.30738     2.00000
     4.62601     2.00000
     6.02408     2.00000
     6.02408     2.00000
    17.22307     0.00000
 
 KPT           45  SPIN            1  KWEIGHT   3.831417624521073E-003
    -9.27939     2.00000
     4.66923     2.00000
     6.01646     2.00000
     6.01646     2.00000
    17.19752     0.00000
 
 KPT           46  SPIN            1  KWEIGHT   3.831417624521073E-003
    -9.25286     2.00000
     4.71864     2.00000
     6.00925     2.00000
     6.00925     2.00000
    17.16563     0.00000
 
 KPT           47  SPIN            1  KWEIGHT   3.831417624521073E-003
    -9.22790     2.00000
     4.77343     2.00000
     6.00250     2.00000
     6.00250     2.00000
    17.12807     0.00000
 
 KPT           48  SPIN            1  KWEIGHT   3.831417624521073E-003
    -9.20461     2.00000
     4.83264     2.00000
     5.99621     2.00000
     5.99621     2.00000
    17.08569     0.00000
 
 KPT           49  SPIN            1  KWEIGHT   3.831417624521073E-003
    -9.18308     2.00000
     4.89507     2.00000
     5.99041     2.00000
     5.99041     2.00000
    17.03953     0.00000
 
 KPT           50  SPIN            1  KWEIGHT   3.831417624521073E-003
    -9.16339     2.00000
     4.95934     2.00000
     5.98511     2.00000
     5.98511     2.00000
    16.99082     0.00000
 
 KPT           51  SPIN            1  KWEIGHT   3.831417624521073E-003
    -9.14561     2.00000
     5.02386     2.00000
     5.98032     2.00000
     5.98032     2.00000
    16.94095     0.00000
 
 KPT           52  SPIN            1  KWEIGHT   3.831417624521073E-003
    -9.12981     2.00000
     5.08693     2.00000
     5.97606     2.00000
     5.97606     2.00000
    16.89145     0.00000
 
 KPT           53  SPIN            1  KWEIGHT   3.831417624521073E-003
    -9.11602     2.00000
     5.14671     2.00000
     5.97235     2.00000
     5.97235     2.00000
    16.84395     0.00000
 
 KPT           54  SPIN            1  KWEIGHT   3.831417624521073E-003
    -9.10429     2.00000
     5.20135     2.00000
     5.96919     2.00000
     5.96919     2.00000
    16.80012     0.00000
 
 KPT           55  SPIN            1  KWEIGHT   3.831417624521073E-003
    -9.09466     2.00000
     5.24904     2.00000
     5.96659     2.00000
     5.96659     2.00000
    16.76157     0.00000
 
 KPT           56  SPIN            1  KWEIGHT   3.831417624521073E-003
    -9.08715     2.00000
     5.28811     2.00000
     5.96456     2.00000
     5.96456     2.00000
    16.72981     0.00000
 
 KPT           57  SPIN            1  KWEIGHT   3.831417624521073E-003
    -9.08177     2.00000
     5.31713     2.00000
     5.96311     2.00000
     5.96311     2.00000
    16.70612     0.00000
 
 KPT           58  SPIN            1  KWEIGHT   3.831417624521073E-003
    -9.07853     2.00000
     5.33501     2.00000
     5.96224     2.00000
     5.96224     2.00000
    16.69148     0.00000
 
 KPT           59  SPIN            1  KWEIGHT   3.831417624521073E-003
    -9.07746     2.00000
     5.34105     2.00000
     5.96195     2.00000
     5.96195     2.00000
    16.68653     0.00000
 
 KPT           60  SPIN            1  KWEIGHT   3.831417624521073E-003
    -9.07685     2.00000
     5.34152     2.00000
     5.95699     2.00000
     5.96218     2.00000
    16.69047     0.00000
 
 KPT           61  SPIN            1  KWEIGHT   3.831417624521073E-003
    -9.07502     2.00000
     5.34294     2.00000
     5.94214     2.00000
     5.96288     2.00000
    16.70225     0.00000
 
 KPT           62  SPIN            1  KWEIGHT   3.831417624521073E-003
    -9.07198     2.00000
     5.34529     2.00000
     5.91749     2.00000
     5.96404     2.00000
    16.72181     0.00000
 
 KPT           63  SPIN            1  KWEIGHT   3.831417624521073E-003
    -9.06776     2.00000
     5.34858     2.00000
     5.88321     2.00000
     5.96566     2.00000
    16.74901     0.00000
 
 KPT           64  SPIN            1  KWEIGHT   3.831417624521073E-003
    -9.06239     2.00000
     5.35280     2.00000
     5.83951     2.00000
     5.96773     2.00000
    16.78369     0.00000
 
 KPT           65  SPIN            1  KWEIGHT   3.831417624521073E-003
    -9.05589     2.00000
     5.35793     2.00000
     5.78667     2.00000
     5.97025     2.00000
    16.82561     0.00000
 
 KPT           66  SPIN            1  KWEIGHT   3.831417624521073E-003
    -9.04834     2.00000
     5.36397     2.00000
     5.72504     2.00000
     5.97322     2.00000
    16.87448     0.00000
 
 KPT           67  SPIN            1  KWEIGHT   3.831417624521073E-003
    -9.03977     2.00000
     5.37090     2.00000
     5.65502     2.00000
     5.97661     2.00000
    16.92997     0.00000
 
 KPT           68  SPIN            1  KWEIGHT   3.831417624521073E-003
    -9.03028     2.00000
     5.37871     2.00000
     5.57708     2.00000
     5.98042     2.00000
    16.99169     0.00000
 
 KPT           69  SPIN            1  KWEIGHT   3.831417624521073E-003
    -9.01996     2.00000
     5.38738     2.00000
     5.49174     2.00000
     5.98465     2.00000
    17.05916     0.00000
 
 KPT           70  SPIN            1  KWEIGHT   3.831417624521073E-003
    -9.00890     2.00000
     5.39689     2.00000
     5.39960     2.00000
     5.98927     2.00000
    17.13187     0.00000
 
 KPT           71  SPIN            1  KWEIGHT   3.831417624521073E-003
    -8.99723     2.00000
     5.30131     2.00000
     5.40722     2.00000
     5.99427     2.00000
    17.20924     0.00000
 
 KPT           72  SPIN            1  KWEIGHT   3.831417624521073E-003
    -8.98510     2.00000
     5.19757     2.00000
     5.41834     2.00000
     5.99964     2.00000
    17.29064     0.00000
 
 KPT           73  SPIN            1  KWEIGHT   3.831417624521073E-003
    -8.97267     2.00000
     5.08917     2.00000
     5.43024     2.00000
     6.00537     2.00000
    17.37535     0.00000
 
 KPT           74  SPIN            1  KWEIGHT   3.831417624521073E-003
    -8.96013     2.00000
     4.97693     2.00000
     5.44288     2.00000
     6.01143     2.00000
    17.46264     0.00000
 
 KPT           75  SPIN            1  KWEIGHT   3.831417624521073E-003
    -8.94767     2.00000
     4.86173     2.00000
     5.45624     2.00000
     6.01780     2.00000
    17.55171     0.00000
 
 KPT           76  SPIN            1  KWEIGHT   3.831417624521073E-003
    -8.93554     2.00000
     4.74451     2.00000
     5.47029     2.00000
     6.02448     2.00000
    17.64169     0.00000
 
 KPT           77  SPIN            1  KWEIGHT   3.831417624521073E-003
    -8.92398     2.00000
     4.62624     2.00000
     5.48499     2.00000
     6.03144     2.00000
    17.73173     0.00000
 
 KPT           78  SPIN            1  KWEIGHT   3.831417624521073E-003
    -8.91325     2.00000
     4.50794     2.00000
     5.50033     2.00000
     6.03865     2.00000
    17.82092     0.00000
 
 KPT           79  SPIN            1  KWEIGHT   3.831417624521073E-003
    -8.90362     2.00000
     4.39064     2.00000
     5.51626     2.00000
     6.04611     2.00000
    17.90833     0.00000
 
 KPT           80  SPIN            1  KWEIGHT   3.831417624521073E-003
    -8.90362     2.00000
     4.39064     2.00000
     5.51626     2.00000
     6.04611     2.00000
    17.90833     0.00000
 
 KPT           81  SPIN            1  KWEIGHT   3.831417624521073E-003
    -8.89564     2.00000
     4.27908     2.00000
     5.53221     2.00000
     6.05354     2.00000
    17.99039     0.00000
 
 KPT           82  SPIN            1  KWEIGHT   3.831417624521073E-003
    -8.88922     2.00000
     4.17041     2.00000
     5.54865     2.00000
     6.06115     2.00000
    18.06911     0.00000
 
 KPT           83  SPIN            1  KWEIGHT   3.831417624521073E-003
    -8.88464     2.00000
     4.06555     2.00000
     5.56555     2.00000
     6.06893     2.00000
    18.14371     0.00000
 
 KPT           84  SPIN            1  KWEIGHT   3.831417624521073E-003
    -8.88215     2.00000
     3.96543     2.00000
     5.58289     2.00000
     6.07686     2.00000
    18.21342     0.00000
 
 KPT           85  SPIN            1  KWEIGHT   3.831417624521073E-003
    -8.88198     2.00000
     3.87091     2.00000
     5.60061     2.00000
     6.08491     2.00000
    18.27753     0.00000
 
 KPT           86  SPIN            1  KWEIGHT   3.831417624521073E-003
    -8.88434     2.00000
     3.78281     2.00000
     5.61871     2.00000
     6.09308     2.00000
    18.33539     0.00000
 
 KPT           87  SPIN            1  KWEIGHT   3.831417624521073E-003
    -8.88943     2.00000
     3.70184     2.00000
     5.63713     2.00000
     6.10133     2.00000
    18.38640     0.00000
 
 KPT           88  SPIN            1  KWEIGHT   3.831417624521073E-003
    -8.89738     2.00000
     3.62867     2.00000
     5.65584     2.00000
     6.10966     2.00000
    18.43004     0.00000
 
 KPT           89  SPIN            1  KWEIGHT   3.831417624521073E-003
    -8.90832     2.00000
     3.56385     2.00000
     5.67482     2.00000
     6.11803     2.00000
    18.46586     0.00000
 
 KPT           90  SPIN            1  KWEIGHT   3.831417624521073E-003
    -8.92229     2.00000
     3.50782     2.00000
     5.69402     2.00000
     6.12644     2.00000
    18.49353     0.00000
 
 KPT           91  SPIN            1  KWEIGHT   3.831417624521073E-003
    -8.93933     2.00000
     3.46092     2.00000
     5.71341     2.00000
     6.13486     2.00000
    18.51275     0.00000
 
 KPT           92  SPIN            1  KWEIGHT   3.831417624521073E-003
    -8.95939     2.00000
     3.42337     2.00000
     5.73296     2.00000
     6.14327     2.00000
    18.52336     0.00000
 
 KPT           93  SPIN            1  KWEIGHT   3.831417624521073E-003
    -8.98242     2.00000
     3.39528     2.00000
     5.75263     2.00000
     6.15166     2.00000
    18.52526     0.00000
 
 KPT           94  SPIN            1  KWEIGHT   3.831417624521073E-003
    -9.00828     2.00000
     3.37666     2.00000
     5.77239     2.00000
     6.16001     2.00000
    18.51844     0.00000
 
 KPT           95  SPIN            1  KWEIGHT   3.831417624521073E-003
    -9.03682     2.00000
     3.36741     2.00000
     5.79221     2.00000
     6.16831     2.00000
    18.50298     0.00000
 
 KPT           96  SPIN            1  KWEIGHT   3.831417624521073E-003
    -9.06785     2.00000
     3.36736     2.00000
     5.81205     2.00000
     6.17653     2.00000
    18.47904     0.00000
 
 KPT           97  SPIN            1  KWEIGHT   3.831417624521073E-003
    -9.10117     2.00000
     3.37622     2.00000
     5.83188     2.00000
     6.18467     2.00000
    18.44684     0.00000
 
 KPT           98  SPIN            1  KWEIGHT   3.831417624521073E-003
    -9.13654     2.00000
     3.39367     2.00000
     5.85167     2.00000
     6.19271     2.00000
    18.40667     0.00000
 
 KPT           99  SPIN            1  KWEIGHT   3.831417624521073E-003
    -9.17370     2.00000
     3.41933     2.00000
     5.87139     2.00000
     6.20063     2.00000
    18.35888     0.00000
 
 KPT          100  SPIN            1  KWEIGHT   3.831417624521073E-003
    -9.21242     2.00000
     3.45275     2.00000
     5.89100     2.00000
     6.20842     2.00000
    18.30389     0.00000
 
 KPT          101  SPIN            1  KWEIGHT   3.831417624521073E-003
    -9.25243     2.00000
     3.49349     2.00000
     5.91049     2.00000
     6.21607     2.00000
    18.24212     0.00000
 
 KPT          102  SPIN            1  KWEIGHT   3.831417624521073E-003
    -9.29348     2.00000
     3.54105     2.00000
     5.92981     2.00000
     6.22357     2.00000
    18.17406     0.00000
 
 KPT          103  SPIN            1  KWEIGHT   3.831417624521073E-003
    -9.33535     2.00000
     3.59495     2.00000
     5.94895     2.00000
     6.23090     2.00000
    18.10020     0.00000
 
 KPT          104  SPIN            1  KWEIGHT   3.831417624521073E-003
    -9.37779     2.00000
     3.65468     2.00000
     5.96787     2.00000
     6.23807     2.00000
    18.02107     0.00000
 
 KPT          105  SPIN            1  KWEIGHT   3.831417624521073E-003
    -9.42060     2.00000
     3.71976     2.00000
     5.98655     2.00000
     6.24505     2.00000
    17.93718     0.00000
 
 KPT          106  SPIN            1  KWEIGHT   3.831417624521073E-003
    -9.46357     2.00000
     3.78970     2.00000
     6.00496     2.00000
     6.25185     2.00000
    17.84906     0.00000
 
 KPT          107  SPIN            1  KWEIGHT   3.831417624521073E-003
    -9.50653     2.00000
     3.86404     2.00000
     6.02309     2.00000
     6.25845     2.00000
    17.75722     0.00000
 
 KPT          108  SPIN            1  KWEIGHT   3.831417624521073E-003
    -9.54931     2.00000
     3.94232     2.00000
     6.04090     2.00000
     6.26485     2.00000
    17.66216     0.00000
 
 KPT          109  SPIN            1  KWEIGHT   3.831417624521073E-003
    -9.59176     2.00000
     4.02409     2.00000
     6.05838     2.00000
     6.27104     2.00000
    17.56436     0.00000
 
 KPT          110  SPIN            1  KWEIGHT   3.831417624521073E-003
    -9.63374     2.00000
     4.10895     2.00000
     6.07550     2.00000
     6.27702     2.00000
    17.46430     0.00000
 
 KPT          111  SPIN            1  KWEIGHT   3.831417624521073E-003
    -9.67515     2.00000
     4.19649     2.00000
     6.09225     2.00000
     6.28279     2.00000
    17.36241     0.00000
 
 KPT          112  SPIN            1  KWEIGHT   3.831417624521073E-003
    -9.71587     2.00000
     4.28631     2.00000
     6.10860     2.00000
     6.28834     2.00000
    17.25910     0.00000
 
 KPT          113  SPIN            1  KWEIGHT   3.831417624521073E-003
    -9.75582     2.00000
     4.37806     2.00000
     6.12455     2.00000
     6.29368     2.00000
    17.15477     0.00000
 
 KPT          114  SPIN            1  KWEIGHT   3.831417624521073E-003
    -9.79490     2.00000
     4.47137     2.00000
     6.14007     2.00000
     6.29879     2.00000
    17.04978     0.00000
 
 KPT          115  SPIN            1  KWEIGHT   3.831417624521073E-003
    -9.83304     2.00000
     4.56588     2.00000
     6.15514     2.00000
     6.30369     2.00000
    16.94446     0.00000
 
 KPT          116  SPIN            1  KWEIGHT   3.831417624521073E-003
    -9.87018     2.00000
     4.66127     2.00000
     6.16976     2.00000
     6.30836     2.00000
    16.83915     0.00000
 
 KPT          117  SPIN            1  KWEIGHT   3.831417624521073E-003
    -9.90626     2.00000
     4.75720     2.00000
     6.18391     2.00000
     6.31282     2.00000
    16.73414     0.00000
 
 KPT          118  SPIN            1  KWEIGHT   3.831417624521073E-003
    -9.94123     2.00000
     4.85335     2.00000
     6.19758     2.00000
     6.31706     2.00000
    16.62973     0.00000
 
 KPT          119  SPIN            1  KWEIGHT   3.831417624521073E-003
    -9.97504     2.00000
     4.94938     2.00000
     6.21075     2.00000
     6.32108     2.00000
    16.52619     0.00000
 
 KPT          120  SPIN            1  KWEIGHT   3.831417624521073E-003
   -10.00764     2.00000
     5.04498     2.00000
     6.22342     2.00000
     6.32489     2.00000
    16.42379     0.00000
 
 KPT          121  SPIN            1  KWEIGHT   3.831417624521073E-003
   -10.03900     2.00000
     5.13983     2.00000
     6.23558     2.00000
     6.32849     2.00000
    16.32279     0.00000
 
 KPT          122  SPIN            1  KWEIGHT   3.831417624521073E-003
   -10.06908     2.00000
     5.23358     2.00000
     6.24722     2.00000
     6.33189     2.00000
    16.22347     0.00000
 
 KPT          123  SPIN            1  KWEIGHT   3.831417624521073E-003
   -10.09786     2.00000
     5.32592     2.00000
     6.25832     2.00000
     6.33508     2.00000
    16.12609     0.00000
 
 KPT          124  SPIN            1  KWEIGHT   3.831417624521073E-003
   -10.12529     2.00000
     5.41651     2.00000
     6.26889     2.00000
     6.33807     2.00000
    16.03092     0.00000
 
 KPT          125  SPIN            1  KWEIGHT   3.831417624521073E-003
   -10.15136     2.00000
     5.50501     2.00000
     6.27891     2.00000
     6.34087     2.00000
    15.93825     0.00000
 
 KPT          126  SPIN            1  KWEIGHT   3.831417624521073E-003
   -10.17604     2.00000
     5.59108     2.00000
     6.28839     2.00000
     6.34348     2.00000
    15.84838     0.00000
 
 KPT          127  SPIN            1  KWEIGHT   3.831417624521073E-003
   -10.19931     2.00000
     5.67437     2.00000
     6.29731     2.00000
     6.34590     2.00000
    15.76160     0.00000
 
 KPT          128  SPIN            1  KWEIGHT   3.831417624521073E-003
   -10.22115     2.00000
     5.75453     2.00000
     6.30567     2.00000
     6.34814     2.00000
    15.67822     0.00000
 
 KPT          129  SPIN            1  KWEIGHT   3.831417624521073E-003
   -10.24153     2.00000
     5.83120     2.00000
     6.31347     2.00000
     6.35020     2.00000
    15.59858     0.00000
 
 KPT          130  SPIN            1  KWEIGHT   3.831417624521073E-003
   -10.26046     2.00000
     5.90402     2.00000
     6.32070     2.00000
     6.35209     2.00000
    15.52299     0.00000
 
 KPT          131  SPIN            1  KWEIGHT   3.831417624521073E-003
   -10.27791     2.00000
     5.97266     2.00000
     6.32737     2.00000
     6.35381     2.00000
    15.45181     0.00000
 
 KPT          132  SPIN            1  KWEIGHT   3.831417624521073E-003
   -10.29387     2.00000
     6.03675     2.00000
     6.33346     2.00000
     6.35536     2.00000
    15.38535     0.00000
 
 KPT          133  SPIN            1  KWEIGHT   3.831417624521073E-003
   -10.30833     2.00000
     6.09596     2.00000
     6.33898     2.00000
     6.35675     2.00000
    15.32397     0.00000
 
 KPT          134  SPIN            1  KWEIGHT   3.831417624521073E-003
   -10.32129     2.00000
     6.14996     2.00000
     6.34392     2.00000
     6.35799     2.00000
    15.26799     0.00000
 
 KPT          135  SPIN            1  KWEIGHT   3.831417624521073E-003
   -10.33274     2.00000
     6.19844     2.00000
     6.34828     2.00000
     6.35907     2.00000
    15.21773     0.00000
 
 KPT          136  SPIN            1  KWEIGHT   3.831417624521073E-003
   -10.34267     2.00000
     6.24110     2.00000
     6.35206     2.00000
     6.36000     2.00000
    15.17349     0.00000
 
 KPT          137  SPIN            1  KWEIGHT   3.831417624521073E-003
   -10.35108     2.00000
     6.27769     2.00000
     6.35527     2.00000
     6.36079     2.00000
    15.13555     0.00000
 
 KPT          138  SPIN            1  KWEIGHT   3.831417624521073E-003
   -10.35796     2.00000
     6.30796     2.00000
     6.35789     2.00000
     6.36143     2.00000
    15.10414     0.00000
 
 KPT          139  SPIN            1  KWEIGHT   3.831417624521073E-003
   -10.36331     2.00000
     6.33172     2.00000
     6.35993     2.00000
     6.36192     2.00000
    15.07949     0.00000
 
 KPT          140  SPIN            1  KWEIGHT   3.831417624521073E-003
   -10.36714     2.00000
     6.34881     2.00000
     6.36139     2.00000
     6.36227     2.00000
    15.06175     0.00000
 
 KPT          141  SPIN            1  KWEIGHT   3.831417624521073E-003
   -10.36944     2.00000
     6.35911     2.00000
     6.36226     2.00000
     6.36248     2.00000
    15.05106     0.00000
 
 KPT          142  SPIN            1  KWEIGHT   3.831417624521073E-003
   -10.37020     2.00000
     6.36255     2.00000
     6.36255     2.00000
     6.36255     2.00000
    15.04749     0.00000
 
 KPT          143  SPIN            1  KWEIGHT   3.831417624521073E-003
   -10.36942     2.00000
     6.35895     2.00000
     6.36240     2.00000
     6.36240     2.00000
    15.05115     0.00000
 
 KPT          144  SPIN            1  KWEIGHT   3.831417624521073E-003
   -10.36706     2.00000
     6.34816     2.00000
     6.36196     2.00000
     6.36196     2.00000
    15.06211     0.00000
 
 KPT          145  SPIN            1  KWEIGHT   3.831417624521073E-003
   -10.36314     2.00000
     6.33025     2.00000
     6.36123     2.00000
     6.36123     2.00000
    15.08030     0.00000
 
 KPT          146  SPIN            1  KWEIGHT   3.831417624521073E-003
   -10.35765     2.00000
     6.30532     2.00000
     6.36020     2.00000
     6.36020     2.00000
    15.10560     0.00000
 
 KPT          147  SPIN            1  KWEIGHT   3.831417624521073E-003
   -10.35059     2.00000
     6.27351     2.00000
     6.35889     2.00000
     6.35889     2.00000
    15.13785     0.00000
 
 KPT          148  SPIN            1  KWEIGHT   3.831417624521073E-003
   -10.34196     2.00000
     6.23501     2.00000
     6.35730     2.00000
     6.35730     2.00000
    15.17684     0.00000
 
 KPT          149  SPIN            1  KWEIGHT   3.831417624521073E-003
   -10.33176     2.00000
     6.19001     2.00000
     6.35544     2.00000
     6.35544     2.00000
    15.22236     0.00000
 
 KPT          150  SPIN            1  KWEIGHT   3.831417624521073E-003
   -10.32000     2.00000
     6.13876     2.00000
     6.35331     2.00000
     6.35331     2.00000
    15.27413     0.00000
 
 KPT          151  SPIN            1  KWEIGHT   3.831417624521073E-003
   -10.30668     2.00000
     6.08150     2.00000
     6.35092     2.00000
     6.35092     2.00000
    15.33189     0.00000
 
 KPT          152  SPIN            1  KWEIGHT   3.831417624521073E-003
   -10.29180     2.00000
     6.01851     2.00000
     6.34828     2.00000
     6.34828     2.00000
    15.39534     0.00000
 
 KPT          153  SPIN            1  KWEIGHT   3.831417624521073E-003
   -10.27536     2.00000
     5.95006     2.00000
     6.34541     2.00000
     6.34541     2.00000
    15.46419     0.00000
 
 KPT          154  SPIN            1  KWEIGHT   3.831417624521073E-003
   -10.25738     2.00000
     5.87644     2.00000
     6.34231     2.00000
     6.34231     2.00000
    15.53813     0.00000
 
 KPT          155  SPIN            1  KWEIGHT   3.831417624521073E-003
   -10.23785     2.00000
     5.79794     2.00000
     6.33899     2.00000
     6.33899     2.00000
    15.61688     0.00000
 
 KPT          156  SPIN            1  KWEIGHT   3.831417624521073E-003
   -10.21678     2.00000
     5.71485     2.00000
     6.33548     2.00000
     6.33548     2.00000
    15.70015     0.00000
 
 KPT          157  SPIN            1  KWEIGHT   3.831417624521073E-003
   -10.19418     2.00000
     5.62746     2.00000
     6.33178     2.00000
     6.33178     2.00000
    15.78767     0.00000
 
 KPT          158  SPIN            1  KWEIGHT   3.831417624521073E-003
   -10.17006     2.00000
     5.53603     2.00000
     6.32790     2.00000
     6.32790     2.00000
    15.87918     0.00000
 
 KPT          159  SPIN            1  KWEIGHT   3.831417624521073E-003
   -10.14443     2.00000
     5.44085     2.00000
     6.32387     2.00000
     6.32387     2.00000
    15.97443     0.00000
 
 KPT          160  SPIN            1  KWEIGHT   3.831417624521073E-003
   -10.11730     2.00000
     5.34217     2.00000
     6.31970     2.00000
     6.31970     2.00000
    16.07322     0.00000
 
 KPT          161  SPIN            1  KWEIGHT   3.831417624521073E-003
   -10.08869     2.00000
     5.24025     2.00000
     6.31541     2.00000
     6.31541     2.00000
    16.17532     0.00000
 
 KPT          162  SPIN            1  KWEIGHT   3.831417624521073E-003
   -10.05860     2.00000
     5.13534     2.00000
     6.31101     2.00000
     6.31101     2.00000
    16.28056     0.00000
 
 KPT          163  SPIN            1  KWEIGHT   3.831417624521073E-003
   -10.02706     2.00000
     5.02767     2.00000
     6.30651     2.00000
     6.30651     2.00000
    16.38875     0.00000
 
 KPT          164  SPIN            1  KWEIGHT   3.831417624521073E-003
    -9.99409     2.00000
     4.91747     2.00000
     6.30195     2.00000
     6.30195     2.00000
    16.49972     0.00000
 
 KPT          165  SPIN            1  KWEIGHT   3.831417624521073E-003
    -9.95969     2.00000
     4.80496     2.00000
     6.29734     2.00000
     6.29734     2.00000
    16.61332     0.00000
 
 KPT          166  SPIN            1  KWEIGHT   3.831417624521073E-003
    -9.92391     2.00000
     4.69037     2.00000
     6.29269     2.00000
     6.29269     2.00000
    16.72938     0.00000
 
 KPT          167  SPIN            1  KWEIGHT   3.831417624521073E-003
    -9.88676     2.00000
     4.57392     2.00000
     6.28802     2.00000
     6.28802     2.00000
    16.84773     0.00000
 
 KPT          168  SPIN            1  KWEIGHT   3.831417624521073E-003
    -9.84829     2.00000
     4.45583     2.00000
     6.28335     2.00000
     6.28335     2.00000
    16.96819     0.00000
 
 KPT          169  SPIN            1  KWEIGHT   3.831417624521073E-003
    -9.80852     2.00000
     4.33633     2.00000
     6.27871     2.00000
     6.27871     2.00000
    17.09055     0.00000
 
 KPT          170  SPIN            1  KWEIGHT   3.831417624521073E-003
    -9.76752     2.00000
     4.21569     2.00000
     6.27410     2.00000
     6.27410     2.00000
    17.21457     0.00000
 
 KPT          171  SPIN            1  KWEIGHT   3.831417624521073E-003
    -9.72535     2.00000
     4.09415     2.00000
     6.26955     2.00000
     6.26955     2.00000
    17.34001     0.00000
 
 KPT          172  SPIN            1  KWEIGHT   3.831417624521073E-003
    -9.68209     2.00000
     3.97201     2.00000
     6.26507     2.00000
     6.26507     2.00000
    17.46654     0.00000
 
 KPT          173  SPIN            1  KWEIGHT   3.831417624521073E-003
    -9.63783     2.00000
     3.84959     2.00000
     6.26069     2.00000
     6.26069     2.00000
    17.59380     0.00000
 
 KPT          174  SPIN            1  KWEIGHT   3.831417624521073E-003
    -9.59270     2.00000
     3.72724     2.00000
     6.25641     2.00000
     6.25641     2.00000
    17.72138     0.00000
 
 KPT          175  SPIN            1  KWEIGHT   3.831417624521073E-003
    -9.54684     2.00000
     3.60537     2.00000
     6.25226     2.00000
     6.25226     2.00000
    17.84880     0.00000
 
 KPT          176  SPIN            1  KWEIGHT   3.831417624521073E-003
    -9.50043     2.00000
     3.48444     2.00000
     6.24825     2.00000
     6.24825     2.00000
    17.97550     0.00000
 
 KPT          177  SPIN            1  KWEIGHT   3.831417624521073E-003
    -9.45368     2.00000
     3.36494     2.00000
     6.24440     2.00000
     6.24440     2.00000
    18.10088     0.00000
 
 KPT          178  SPIN            1  KWEIGHT   3.831417624521073E-003
    -9.40686     2.00000
     3.24744     2.00000
     6.24073     2.00000
     6.24073     2.00000
    18.22425     0.00000
 
 KPT          179  SPIN            1  KWEIGHT   3.831417624521073E-003
    -9.36025     2.00000
     3.13260     2.00000
     6.23724     2.00000
     6.23724     2.00000
    18.34484     0.00000
 
 KPT          180  SPIN            1  KWEIGHT   3.831417624521073E-003
    -9.31420     2.00000
     3.02110     2.00000
     6.23395     2.00000
     6.23395     2.00000
    18.46185     0.00000
 
 KPT          181  SPIN            1  KWEIGHT   3.831417624521073E-003
    -9.26910     2.00000
     2.91371     2.00000
     6.23087     2.00000
     6.23087     2.00000
    18.57439     0.00000
 
 KPT          182  SPIN            1  KWEIGHT   3.831417624521073E-003
    -9.22539     2.00000
     2.81128     2.00000
     6.22803     2.00000
     6.22803     2.00000
    18.68155     0.00000
 
 KPT          183  SPIN            1  KWEIGHT   3.831417624521073E-003
    -9.18354     2.00000
     2.71467     2.00000
     6.22541     2.00000
     6.22541     2.00000
    18.78238     0.00000
 
 KPT          184  SPIN            1  KWEIGHT   3.831417624521073E-003
    -9.14407     2.00000
     2.62480     2.00000
     6.22305     2.00000
     6.22305     2.00000
    18.87592     0.00000
 
 KPT          185  SPIN            1  KWEIGHT   3.831417624521073E-003
    -9.10751     2.00000
     2.54262     2.00000
     6.22094     2.00000
     6.22094     2.00000
    18.96120     0.00000
 
 KPT          186  SPIN            1  KWEIGHT   3.831417624521073E-003
    -9.07441     2.00000
     2.46905     2.00000
     6.21909     2.00000
     6.21909     2.00000
    19.03731     0.00000
 
 KPT          187  SPIN            1  KWEIGHT   3.831417624521073E-003
    -9.04530     2.00000
     2.40500     2.00000
     6.21752     2.00000
     6.21752     2.00000
    19.10338     0.00000
 
 KPT          188  SPIN            1  KWEIGHT   3.831417624521073E-003
    -9.02069     2.00000
     2.35130     2.00000
     6.21623     2.00000
     6.21623     2.00000
    19.15862     0.00000
 
 KPT          189  SPIN            1  KWEIGHT   3.831417624521073E-003
    -9.00102     2.00000
     2.30869     2.00000
     6.21521     2.00000
     6.21521     2.00000
    19.20234     0.00000
 
 KPT          190  SPIN            1  KWEIGHT   3.831417624521073E-003
    -8.98668     2.00000
     2.27778     2.00000
     6.21449     2.00000
     6.21449     2.00000
    19.23398     0.00000
 
 KPT          191  SPIN            1  KWEIGHT   3.831417624521073E-003
    -8.97796     2.00000
     2.25905     2.00000
     6.21405     2.00000
     6.21405     2.00000
    19.25314     0.00000
 
 KPT          192  SPIN            1  KWEIGHT   3.831417624521073E-003
    -8.97503     2.00000
     2.25277     2.00000
     6.21390     2.00000
     6.21390     2.00000
    19.25955     0.00000
 
 KPT          193  SPIN            1  KWEIGHT   3.831417624521073E-003
    -8.97486     2.00000
     2.25470     2.00000
     6.21307     2.00000
     6.21368     2.00000
    19.25834     0.00000
 
 KPT          194  SPIN            1  KWEIGHT   3.831417624521073E-003
    -8.97436     2.00000
     2.26047     2.00000
     6.21059     2.00000
     6.21301     2.00000
    19.25471     0.00000
 
 KPT          195  SPIN            1  KWEIGHT   3.831417624521073E-003
    -8.97353     2.00000
     2.27010     2.00000
     6.20646     2.00000
     6.21189     2.00000
    19.24866     0.00000
 
 KPT          196  SPIN            1  KWEIGHT   3.831417624521073E-003
    -8.97238     2.00000
     2.28359     2.00000
     6.20072     2.00000
     6.21031     2.00000
    19.24016     0.00000
 
 KPT          197  SPIN            1  KWEIGHT   3.831417624521073E-003
    -8.97090     2.00000
     2.30095     2.00000
     6.19339     2.00000
     6.20828     2.00000
    19.22920     0.00000
 
 KPT          198  SPIN            1  KWEIGHT   3.831417624521073E-003
    -8.96912     2.00000
     2.32220     2.00000
     6.18453     2.00000
     6.20576     2.00000
    19.21577     0.00000
 
 KPT          199  SPIN            1  KWEIGHT   3.831417624521073E-003
    -8.96703     2.00000
     2.34734     2.00000
     6.17417     2.00000
     6.20276     2.00000
    19.19984     0.00000
 
 KPT          200  SPIN            1  KWEIGHT   3.831417624521073E-003
    -8.96465     2.00000
     2.37639     2.00000
     6.16240     2.00000
     6.19926     2.00000
    19.18138     0.00000
 
 KPT          201  SPIN            1  KWEIGHT   3.831417624521073E-003
    -8.96199     2.00000
     2.40936     2.00000
     6.14926     2.00000
     6.19524     2.00000
    19.16039     0.00000
 
 KPT          202  SPIN            1  KWEIGHT   3.831417624521073E-003
    -8.95907     2.00000
     2.44627     2.00000
     6.13485     2.00000
     6.19067     2.00000
    19.13683     0.00000
 
 KPT          203  SPIN            1  KWEIGHT   3.831417624521073E-003
    -8.95590     2.00000
     2.48713     2.00000
     6.11924     2.00000
     6.18554     2.00000
    19.11071     0.00000
 
 KPT          204  SPIN            1  KWEIGHT   3.831417624521073E-003
    -8.95250     2.00000
     2.53194     2.00000
     6.10254     2.00000
     6.17981     2.00000
    19.08202     0.00000
 
 KPT          205  SPIN            1  KWEIGHT   3.831417624521073E-003
    -8.94889     2.00000
     2.58071     2.00000
     6.08483     2.00000
     6.17345     2.00000
    19.05077     0.00000
 
 KPT          206  SPIN            1  KWEIGHT   3.831417624521073E-003
    -8.94509     2.00000
     2.63341     2.00000
     6.06622     2.00000
     6.16644     2.00000
    19.01697     0.00000
 
 KPT          207  SPIN            1  KWEIGHT   3.831417624521073E-003
    -8.94112     2.00000
     2.69004     2.00000
     6.04682     2.00000
     6.15871     2.00000
    18.98067     0.00000
 
 KPT          208  SPIN            1  KWEIGHT   3.831417624521073E-003
    -8.93700     2.00000
     2.75057     2.00000
     6.02675     2.00000
     6.15024     2.00000
    18.94193     0.00000
 
 KPT          209  SPIN            1  KWEIGHT   3.831417624521073E-003
    -8.93276     2.00000
     2.81494     2.00000
     6.00612     2.00000
     6.14097     2.00000
    18.90081     0.00000
 
 KPT          210  SPIN            1  KWEIGHT   3.831417624521073E-003
    -8.92841     2.00000
     2.88310     2.00000
     5.98506     2.00000
     6.13085     2.00000
    18.85741     0.00000
 
 KPT          211  SPIN            1  KWEIGHT   3.831417624521073E-003
    -8.92400     2.00000
     2.95495     2.00000
     5.96368     2.00000
     6.11981     2.00000
    18.81186     0.00000
 
 KPT          212  SPIN            1  KWEIGHT   3.831417624521073E-003
    -8.91953     2.00000
     3.03038     2.00000
     5.94212     2.00000
     6.10778     2.00000
    18.76431     0.00000
 
 KPT          213  SPIN            1  KWEIGHT   3.831417624521073E-003
    -8.91504     2.00000
     3.10924     2.00000
     5.92050     2.00000
     6.09471     2.00000
    18.71494     0.00000
 
 KPT          214  SPIN            1  KWEIGHT   3.831417624521073E-003
    -8.91055     2.00000
     3.19136     2.00000
     5.89894     2.00000
     6.08051     2.00000
    18.66397     0.00000
 
 KPT          215  SPIN            1  KWEIGHT   3.831417624521073E-003
    -8.90608     2.00000
     3.27651     2.00000
     5.87758     2.00000
     6.06509     2.00000
    18.61164     0.00000
 
 KPT          216  SPIN            1  KWEIGHT   3.831417624521073E-003
    -8.90168     2.00000
     3.36442     2.00000
     5.85654     2.00000
     6.04839     2.00000
    18.55823     0.00000
 
 KPT          217  SPIN            1  KWEIGHT   3.831417624521073E-003
    -8.89736     2.00000
     3.45477     2.00000
     5.83594     2.00000
     6.03031     2.00000
    18.50408     0.00000
 
 KPT          218  SPIN            1  KWEIGHT   3.831417624521073E-003
    -8.89314     2.00000
     3.54719     2.00000
     5.81590     2.00000
     6.01078     2.00000
    18.44953     0.00000
 
 KPT          219  SPIN            1  KWEIGHT   3.831417624521073E-003
    -8.88906     2.00000
     3.64123     2.00000
     5.79654     2.00000
     5.98972     2.00000
    18.39499     0.00000
 
 KPT          220  SPIN            1  KWEIGHT   3.831417624521073E-003
    -8.88513     2.00000
     3.73638     2.00000
     5.77797     2.00000
     5.96707     2.00000
    18.34088     0.00000
 
 KPT          221  SPIN            1  KWEIGHT   3.831417624521073E-003
    -8.88139     2.00000
     3.83206     2.00000
     5.76031     2.00000
     5.94281     2.00000
    18.28769     0.00000
 
 KPT          222  SPIN            1  KWEIGHT   3.831417624521073E-003
    -8.87786     2.00000
     3.92758     2.00000
     5.74365     2.00000
     5.91693     2.00000
    18.23590     0.00000
 
 KPT          223  SPIN            1  KWEIGHT   3.831417624521073E-003
    -8.87455     2.00000
     4.02218     2.00000
     5.72809     2.00000
     5.88950     2.00000
    18.18605     0.00000
 
 KPT          224  SPIN            1  KWEIGHT   3.831417624521073E-003
    -8.87149     2.00000
     4.11495     2.00000
     5.71373     2.00000
     5.86065     2.00000
    18.13868     0.00000
 
 KPT          225  SPIN            1  KWEIGHT   3.831417624521073E-003
    -8.86870     2.00000
     4.20489     2.00000
     5.70065     2.00000
     5.83064     2.00000
    18.09435     0.00000
 
 KPT          226  SPIN            1  KWEIGHT   3.831417624521073E-003
    -8.86619     2.00000
     4.29081     2.00000
     5.68891     2.00000
     5.79988     2.00000
    18.05360     0.00000
 
 KPT          227  SPIN            1  KWEIGHT   3.831417624521073E-003
    -8.86398     2.00000
     4.37135     2.00000
     5.67860     2.00000
     5.76899     2.00000
    18.01698     0.00000
 
 KPT          228  SPIN            1  KWEIGHT   3.831417624521073E-003
    -8.86209     2.00000
     4.44490     2.00000
     5.66977     2.00000
     5.73884     2.00000
    17.98501     0.00000
 
 KPT          229  SPIN            1  KWEIGHT   3.831417624521073E-003
    -8.86053     2.00000
     4.50961     2.00000
     5.66248     2.00000
     5.71064     2.00000
    17.95814     0.00000
 
 KPT          230  SPIN            1  KWEIGHT   3.831417624521073E-003
    -8.85930     2.00000
     4.56340     2.00000
     5.65676     2.00000
     5.68589     2.00000
    17.93678     0.00000
 
 KPT          231  SPIN            1  KWEIGHT   3.831417624521073E-003
    -8.85842     2.00000
     4.60404     2.00000
     5.65265     2.00000
     5.66634     2.00000
    17.92128     0.00000
 
 KPT          232  SPIN            1  KWEIGHT   3.831417624521073E-003
    -8.85789     2.00000
     4.62946     2.00000
     5.65018     2.00000
     5.65372     2.00000
    17.91187     0.00000
 
 KPT          233  SPIN            1  KWEIGHT   3.831417624521073E-003
    -8.85771     2.00000
     4.63813     2.00000
     5.64935     2.00000
     5.64935     2.00000
    17.90872     0.00000
 
 KPT          234  SPIN            1  KWEIGHT   3.831417624521073E-003
    -8.85848     2.00000
     4.64218     2.00000
     5.63195     2.00000
     5.66676     2.00000
    17.90499     0.00000
 
 KPT          235  SPIN            1  KWEIGHT   3.831417624521073E-003
    -8.86076     2.00000
     4.65430     2.00000
     5.61462     2.00000
     5.68414     2.00000
    17.89386     0.00000
 
 KPT          236  SPIN            1  KWEIGHT   3.831417624521073E-003
    -8.86454     2.00000
     4.67434     2.00000
     5.59741     2.00000
     5.70141     2.00000
    17.87546     0.00000
 
 KPT          237  SPIN            1  KWEIGHT   3.831417624521073E-003
    -8.86973     2.00000
     4.70206     2.00000
     5.58038     2.00000
     5.71854     2.00000
    17.84999     0.00000
 
 KPT          238  SPIN            1  KWEIGHT   3.831417624521073E-003
    -8.87625     2.00000
     4.73712     2.00000
     5.56357     2.00000
     5.73546     2.00000
    17.81777     0.00000
 
 KPT          239  SPIN            1  KWEIGHT   3.831417624521073E-003
    -8.88401     2.00000
     4.77910     2.00000
     5.54705     2.00000
     5.75212     2.00000
    17.77918     0.00000
 
 KPT          240  SPIN            1  KWEIGHT   3.831417624521073E-003
    -8.89287     2.00000
     4.82750     2.00000
     5.53086     2.00000
     5.76847     2.00000
    17.73467     0.00000
 
 KPT          241  SPIN            1  KWEIGHT   3.831417624521073E-003
    -8.90270     2.00000
     4.88174     2.00000
     5.51506     2.00000
     5.78445     2.00000
    17.68476     0.00000
 
 KPT          242  SPIN            1  KWEIGHT   3.831417624521073E-003
    -8.91335     2.00000
     4.94117     2.00000
     5.49969     2.00000
     5.80002     2.00000
    17.63006     0.00000
 
 KPT          243  SPIN            1  KWEIGHT   3.831417624521073E-003
    -8.92467     2.00000
     5.00507     2.00000
     5.48479     2.00000
     5.81512     2.00000
    17.57121     0.00000
 
 KPT          244  SPIN            1  KWEIGHT   3.831417624521073E-003
    -8.93648     2.00000
     5.07269     2.00000
     5.47042     2.00000
     5.82971     2.00000
    17.50890     0.00000
 
 KPT          245  SPIN            1  KWEIGHT   3.831417624521073E-003
    -8.94863     2.00000
     5.14320     2.00000
     5.45663     2.00000
     5.84374     2.00000
    17.44389     0.00000
 
 KPT          246  SPIN            1  KWEIGHT   3.831417624521073E-003
    -8.96096     2.00000
     5.21576     2.00000
     5.44344     2.00000
     5.85717     2.00000
    17.37696     0.00000
 
 KPT          247  SPIN            1  KWEIGHT   3.831417624521073E-003
    -8.97329     2.00000
     5.28948     2.00000
     5.43091     2.00000
     5.86994     2.00000
    17.30891     0.00000
 
 KPT          248  SPIN            1  KWEIGHT   3.831417624521073E-003
    -8.98549     2.00000
     5.36347     2.00000
     5.41906     2.00000
     5.88202     2.00000
    17.24059     0.00000
 
 KPT          249  SPIN            1  KWEIGHT   3.831417624521073E-003
    -8.99739     2.00000
     5.40795     2.00000
     5.43680     2.00000
     5.89338     2.00000
    17.17284     0.00000
 
 KPT          250  SPIN            1  KWEIGHT   3.831417624521073E-003
    -9.00886     2.00000
     5.39759     2.00000
     5.50855     2.00000
     5.90397     2.00000
    17.10650     0.00000
 
 KPT          251  SPIN            1  KWEIGHT   3.831417624521073E-003
    -9.01977     2.00000
     5.38803     2.00000
     5.57782     2.00000
     5.91375     2.00000
    17.04243     0.00000
 
 KPT          252  SPIN            1  KWEIGHT   3.831417624521073E-003
    -9.03001     2.00000
     5.37928     2.00000
     5.64370     2.00000
     5.92271     2.00000
    16.98146     0.00000
 
 KPT          253  SPIN            1  KWEIGHT   3.831417624521073E-003
    -9.03945     2.00000
     5.37139     2.00000
     5.70535     2.00000
     5.93080     2.00000
    16.92438     0.00000
 
 KPT          254  SPIN            1  KWEIGHT   3.831417624521073E-003
    -9.04801     2.00000
     5.36437     2.00000
     5.76193     2.00000
     5.93800     2.00000
    16.87198     0.00000
 
 KPT          255  SPIN            1  KWEIGHT   3.831417624521073E-003
    -9.05561     2.00000
     5.35824     2.00000
     5.81268     2.00000
     5.94429     2.00000
    16.82495     0.00000
 
 KPT          256  SPIN            1  KWEIGHT   3.831417624521073E-003
    -9.06215     2.00000
     5.35302     2.00000
     5.85691     2.00000
     5.94965     2.00000
    16.78395     0.00000
 
 KPT          257  SPIN            1  KWEIGHT   3.831417624521073E-003
    -9.06760     2.00000
     5.34873     2.00000
     5.89398     2.00000
     5.95406     2.00000
    16.74957     0.00000
 
 KPT          258  SPIN            1  KWEIGHT   3.831417624521073E-003
    -9.07188     2.00000
     5.34537     2.00000
     5.92339     2.00000
     5.95750     2.00000
    16.72230     0.00000
 
 KPT          259  SPIN            1  KWEIGHT   3.831417624521073E-003
    -9.07497     2.00000
     5.34297     2.00000
     5.94471     2.00000
     5.95997     2.00000
    16.70253     0.00000
 
 KPT          260  SPIN            1  KWEIGHT   3.831417624521073E-003
    -9.07683     2.00000
     5.34153     2.00000
     5.95762     2.00000
     5.96145     2.00000
    16.69055     0.00000
 
 KPT          261  SPIN            1  KWEIGHT   3.831417624521073E-003
    -9.07746     2.00000
     5.34105     2.00000
     5.96195     2.00000
     5.96195     2.00000
    16.68653     0.00000
 
