 Fermi distribution function
 
 Calculation with static geometry
 

********************************************************************************
  iSCC Total electronic   Diff electronic      SCC error    
    1   -0.37101462E+01    0.00000000E+00    0.86580947E-01
********************************************************************************
 

 Net atomic charges (e)
  Atom       Net charge
     1       1.53685189
     2      -1.53685189
 
 COMPONENT = q
  
 Eigenvalues /H
   -0.38109794   -0.38106936   -0.38098367   -0.38084095   -0.38064134   -0.38038504   -0.38007234   -0.37970357
   -0.37927917   -0.37879966   -0.37826565   -0.37767785   -0.37703709   -0.37634432   -0.37560061   -0.37480717
   -0.37396532   -0.37307655   -0.37214248   -0.37116488   -0.37014568   -0.36908693   -0.36799087   -0.36685988
   -0.36569649   -0.36450341   -0.36328351   -0.36203982   -0.36077554   -0.35949407   -0.35819897   -0.35689397
   -0.35558300   -0.35427016   -0.35295973   -0.35165613   -0.35036394   -0.34908786   -0.34783268   -0.34660325
   -0.34540446   -0.34424116   -0.34311814   -0.34204006   -0.34101141   -0.34003646   -0.33911918   -0.33826327
   -0.33747204   -0.33674847   -0.33609512   -0.33551420   -0.33500754   -0.33457663   -0.33422265   -0.33394649
   -0.33374880   -0.33363002   -0.33359040   -0.33356795   -0.33350074   -0.33338922   -0.33323414   -0.33303659
   -0.33279802   -0.33252027   -0.33220562   -0.33185686   -0.33147729   -0.33107084   -0.33064209   -0.33019630
   -0.32973953   -0.32927855   -0.32882098   -0.32837516   -0.32795018   -0.32755575   -0.32720210   -0.32720210
   -0.32690862   -0.32667293   -0.32650462   -0.32641296   -0.32640666   -0.32649357   -0.32668047   -0.32697284
   -0.32737464   -0.32788824   -0.32851429   -0.32925169   -0.33009771   -0.33104803   -0.33209694   -0.33323753
   -0.33446194   -0.33576159   -0.33712742   -0.33855016   -0.34002049   -0.34152929   -0.34306773   -0.34462743
   -0.34620054   -0.34777977   -0.34935846   -0.35093054   -0.35249055   -0.35403360   -0.35555533   -0.35705184
   -0.35851971   -0.35995587   -0.36135762   -0.36272254   -0.36404847   -0.36533350   -0.36657587   -0.36777401
   -0.36892650   -0.37003204   -0.37108945   -0.37209765   -0.37305567   -0.37396261   -0.37481769   -0.37562019
   -0.37636947   -0.37706497   -0.37770622   -0.37829278   -0.37882432   -0.37930054   -0.37972119   -0.38008608
   -0.38039505   -0.38064798   -0.38084479   -0.38098542   -0.38106980   -0.38109794   -0.38106910   -0.38098259
   -0.38083840   -0.38063657   -0.38037709   -0.38006000   -0.37968534   -0.37925319   -0.37876361   -0.37821674
   -0.37761270   -0.37695169   -0.37623392   -0.37545964   -0.37462915   -0.37374278   -0.37280092   -0.37180399
   -0.37075247   -0.36964689   -0.36848783   -0.36727596   -0.36601205   -0.36469699   -0.36333183   -0.36191784
   -0.36045656   -0.35894988   -0.35740014   -0.35581025   -0.35418380   -0.35252519   -0.35083984   -0.34913429
   -0.34741643   -0.34569558   -0.34398269   -0.34229040   -0.34063306   -0.33902671   -0.33748890   -0.33603844
   -0.33469501   -0.33347857   -0.33240878   -0.33150417   -0.33078141   -0.33025446   -0.32993389   -0.32982629
   -0.32982016   -0.32980179   -0.32977129   -0.32972882   -0.32967461   -0.32960895   -0.32953218   -0.32944473
   -0.32934707   -0.32923973   -0.32912329   -0.32899840   -0.32886574   -0.32872606   -0.32858012   -0.32842876
   -0.32827283   -0.32811321   -0.32795083   -0.32778661   -0.32762152   -0.32745652   -0.32729258   -0.32713069
   -0.32697180   -0.32681688   -0.32666686   -0.32652266   -0.32638517   -0.32625524   -0.32613367   -0.32602122
   -0.32591861   -0.32582647   -0.32574539   -0.32567589   -0.32561841   -0.32557331   -0.32554089   -0.32552136
   -0.32551483   -0.32554302   -0.32562710   -0.32576568   -0.32595645   -0.32619629   -0.32648132   -0.32680702
   -0.32716832   -0.32755976   -0.32797554   -0.32840971   -0.32885624   -0.32930911   -0.32976243   -0.33021051
   -0.33064792   -0.33106953   -0.33147057   -0.33184665   -0.33219379   -0.33250843   -0.33278742   -0.33302805
   -0.33322802   -0.33338549   -0.33349899   -0.33356750   -0.33359040
    0.23381948    0.23369930    0.23333983    0.23274430    0.23191801    0.23086818    0.22960385    0.22813568
    0.22647572    0.22463724    0.22263454    0.22048268    0.21819737    0.21579480    0.21329146    0.21070405
    0.20804940    0.20534435    0.20260576    0.19985043    0.19709507    0.19435633    0.19165079    0.18899494
    0.18640520    0.18389796    0.18148954    0.17919620    0.17703416    0.17501951    0.17316823    0.17149604
    0.17001837    0.16875016    0.16770570    0.16689840    0.16634046    0.16604259    0.16601352    0.16625956
    0.16678400    0.16758656    0.16866262    0.17000260    0.17159120    0.17340669    0.17542041    0.17759625
    0.17989055    0.18225226    0.18462361    0.18694127    0.18913823    0.19114622    0.19289875    0.19433454
    0.19540109    0.19605803    0.19627990    0.19629725    0.19634926    0.19643580    0.19655669    0.19671165
    0.19690033    0.19712231    0.19737708    0.19766408    0.19798266    0.19833212    0.19481948    0.19100737
    0.18702366    0.18289883    0.17866532    0.17435746    0.17001116    0.16566367    0.16135319    0.16135319
    0.15725344    0.15325964    0.14940633    0.14572699    0.14225351    0.13901558    0.13604023    0.13335130
    0.13096909    0.12890999    0.12718635    0.12580638    0.12477419    0.12408995    0.12375018    0.12374804
    0.12407379    0.12471520    0.12565801    0.12688639    0.12838338    0.13013124    0.13211187    0.13430705
    0.13669869    0.13926907    0.14200089    0.14487747    0.14788272    0.15100119    0.15421807    0.15751915
    0.16089074    0.16431965    0.16779310    0.17129864    0.17482406    0.17835733    0.18188653    0.18539976
    0.18888510    0.19233055    0.19572398    0.19905310    0.20230547    0.20546844    0.20852924    0.21147494
    0.21429251    0.21696893    0.21949121    0.22184658    0.22402251    0.22600694    0.22778843    0.22935628
    0.23070076    0.23181325    0.23268643    0.23331445    0.23369300    0.23381948    0.23368704    0.23329052
    0.23263225    0.23171609    0.23054728    0.22913232    0.22747882    0.22559533    0.22349117    0.22117622
    0.21866075    0.21595532    0.21307054    0.21001702    0.20680522    0.20344538    0.19994749    0.19632119
    0.19257581    0.18872034    0.18476347    0.18071362    0.17657906    0.17236790    0.16808832    0.16374861
    0.15935736    0.15492363    0.15045718    0.14596863    0.14146975    0.13697365    0.13249509    0.12805067
    0.12365909    0.11934133    0.11512077    0.11102324    0.10707700    0.10331252    0.09976218    0.09645972
    0.09343958    0.09073601    0.08838209    0.08640856    0.08484266    0.08370701    0.08301860    0.08278793
    0.08285864    0.08307083    0.08342466    0.08392040    0.08455841    0.08533912    0.08626303    0.08733064
    0.08854246    0.08989895    0.09140046    0.09304720    0.09483917    0.09677607    0.09885723    0.10108151
    0.10344721    0.10595191    0.10859237    0.11136438    0.11426258    0.11728032    0.12040942    0.12364004
    0.12696044    0.13035673    0.13381271    0.13730958    0.14082564    0.14433603    0.14781227    0.15122172
    0.15452689    0.15768446    0.16064408    0.16334701    0.16572518    0.16770182    0.16919547    0.17012966
    0.17044805    0.17059713    0.17104256    0.17177898    0.17279751    0.17408590    0.17562868    0.17740733
    0.17940055    0.18158448    0.18393296    0.18641782    0.18900917    0.19167570    0.19438499    0.19710384
    0.19873838    0.19835781    0.19800635    0.19768507    0.19739494    0.19713684    0.19691156    0.19671977
    0.19656206    0.19643889    0.19635065    0.19629760    0.19627990
    0.23381948    0.23380860    0.23377599    0.23372174    0.23364603    0.23354907    0.23343117    0.23329267
    0.23313398    0.23295559    0.23275803    0.23254188    0.23230781    0.23205649    0.23178870    0.23150522
    0.23120691    0.23089464    0.23056935    0.23023202    0.22988363    0.22952522    0.22915786    0.22878264
    0.22840066    0.22801304    0.22762094    0.22722552    0.22682792    0.22642932    0.22603090    0.22563382
    0.22523923    0.22484830    0.22446217    0.22408196    0.22370877    0.22334371    0.22298782    0.22264213
    0.22230766    0.22198537    0.22167619    0.22138101    0.22110069    0.22083603    0.22058781    0.22035672
    0.22014344    0.21994858    0.21977271    0.21961631    0.21947986    0.21936372    0.21926825    0.21919370
    0.21914030    0.21910820    0.21909749    0.21891521    0.21836952    0.21746387    0.21620404    0.21459807
    0.21265631    0.21039137    0.20781815    0.20495380    0.20181774    0.19843166    0.19871167    0.19912047
    0.19955764    0.20002220    0.20051314    0.20102939    0.20156985    0.20213336    0.20271870    0.20271870
    0.20330480    0.20390905    0.20453027    0.20516726    0.20581880    0.20648366    0.20716059    0.20784833
    0.20854563    0.20925123    0.20996385    0.21068225    0.21140517    0.21213137    0.21285964    0.21358876
    0.21431755    0.21504483    0.21576948    0.21649037    0.21720642    0.21791658    0.21861982    0.21931516
    0.22000164    0.22067835    0.22134442    0.22199900    0.22264129    0.22327055    0.22388603    0.22448708
    0.22507304    0.22564331    0.22619733    0.22673458    0.22725457    0.22775684    0.22824098    0.22870661
    0.22915337    0.22958095    0.22998905    0.23037742    0.23074581    0.23109403    0.23142187    0.23172917
    0.23201578    0.23228158    0.23252646    0.23275031    0.23295306    0.23313463    0.23329496    0.23343401
    0.23355173    0.23364809    0.23372306    0.23377662    0.23380876    0.23381948    0.23381406    0.23379782
    0.23377083    0.23373319    0.23368506    0.23362663    0.23355813    0.23347984    0.23339207    0.23329517
    0.23318953    0.23307558    0.23295377    0.23282458    0.23268853    0.23254616    0.23239805    0.23224477
    0.23208694    0.23192519    0.23176016    0.23159250    0.23142288    0.23125197    0.23108043    0.23090896
    0.23073823    0.23056890    0.23040165    0.23023714    0.23007600    0.22991888    0.22976638    0.22961911
    0.22947764    0.22934253    0.22921429    0.22909344    0.22898044    0.22887574    0.22877974    0.22869282
    0.22861530    0.22854751    0.22848969    0.22844208    0.22840485    0.22837815    0.22836210    0.22835674
    0.22832622    0.22823487    0.22808321    0.22787215    0.22760292    0.22727714    0.22689671    0.22646389
    0.22598124    0.22545160    0.22487811    0.22426414    0.22361331    0.22292946    0.22221662    0.22147897
    0.22072087    0.21994677    0.21916121    0.21836880    0.21757421    0.21678208    0.21599707    0.21522376
    0.21446670    0.21373031    0.21301891    0.21233664    0.21168751    0.21107531    0.21050362    0.20997578
    0.20949486    0.20906369    0.20868478    0.20836034    0.20809226    0.20788212    0.20773114    0.20764019
    0.20760982    0.20697039    0.20633346    0.20570104    0.20507510    0.20445759    0.20385044    0.20325552
    0.20267470    0.20210975    0.20156243    0.20103442    0.20052735    0.20004276    0.19958214    0.19914691
    0.19979858    0.20243544    0.20498094    0.20740225    0.20966766    0.21174700    0.21361211    0.21523731
    0.21659992    0.21768062    0.21846393    0.21893852    0.21909749
    0.23381948    0.23380860    0.23377599    0.23372174    0.23364603    0.23354907    0.23343117    0.23329267
    0.23313398    0.23295559    0.23275803    0.23254188    0.23230781    0.23205649    0.23178870    0.23150522
    0.23120691    0.23089464    0.23056935    0.23023202    0.22988363    0.22952522    0.22915786    0.22878264
    0.22840066    0.22801304    0.22762094    0.22722552    0.22682792    0.22642932    0.22603090    0.22563382
    0.22523923    0.22484830    0.22446217    0.22408196    0.22370877    0.22334371    0.22298782    0.22264213
    0.22230766    0.22198537    0.22167619    0.22138101    0.22110069    0.22083603    0.22058781    0.22035672
    0.22014344    0.21994858    0.21977271    0.21961631    0.21947986    0.21936372    0.21926825    0.21919370
    0.21914030    0.21910820    0.21909749    0.21910605    0.21913169    0.21917434    0.21923386    0.21931008
    0.21940276    0.21951162    0.21963633    0.21977651    0.21993173    0.22010154    0.22028542    0.22048283
    0.22069318    0.22091586    0.22115021    0.22139557    0.22165122    0.22191645    0.22219051    0.22219051
    0.22246342    0.22274318    0.22302909    0.22332044    0.22361649    0.22391653    0.22421986    0.22452574
    0.22483349    0.22514241    0.22545181    0.22576104    0.22606944    0.22637638    0.22668126    0.22698349
    0.22728251    0.22757779    0.22786883    0.22815514    0.22843629    0.22871186    0.22898146    0.22924475
    0.22950141    0.22975115    0.22999372    0.23022890    0.23045650    0.23067636    0.23088837    0.23109241
    0.23128843    0.23147638    0.23165625    0.23182805    0.23199181    0.23214759    0.23229545    0.23243550
    0.23256784    0.23269258    0.23280988    0.23291985    0.23302267    0.23311848    0.23320744    0.23328972
    0.23336547    0.23343487    0.23349805    0.23355518    0.23360640    0.23365183    0.23369161    0.23372585
    0.23375464    0.23377808    0.23379624    0.23380916    0.23381690    0.23381948    0.23381406    0.23379782
    0.23377083    0.23373319    0.23368506    0.23362663    0.23355813    0.23347984    0.23339207    0.23329517
    0.23318953    0.23307558    0.23295377    0.23282458    0.23268853    0.23254616    0.23239805    0.23224477
    0.23208694    0.23192519    0.23176016    0.23159250    0.23142288    0.23125197    0.23108043    0.23090896
    0.23073823    0.23056890    0.23040165    0.23023714    0.23007600    0.22991888    0.22976638    0.22961911
    0.22947764    0.22934253    0.22921429    0.22909344    0.22898044    0.22887574    0.22877974    0.22869282
    0.22861530    0.22854751    0.22848969    0.22844208    0.22840485    0.22837815    0.22836210    0.22835674
    0.22834855    0.22832393    0.22828278    0.22822487    0.22814993    0.22805756    0.22794731    0.22781859
    0.22767073    0.22750295    0.22731433    0.22710384    0.22687030    0.22661238    0.22632860    0.22601728
    0.22567660    0.22530450    0.22489877    0.22445697    0.22397648    0.22345450    0.22288809    0.22227421
    0.22160982    0.22089196    0.22011799    0.21928579    0.21839412    0.21744312    0.21643500    0.21537490
    0.21427214    0.21314174    0.21200639    0.21089850    0.20986198    0.20895251    0.20823417    0.20777048
    0.20760982    0.20824974    0.20888815    0.20952302    0.21015235    0.21077413    0.21138641    0.21198721
    0.21257464    0.21314680    0.21370186    0.21423804    0.21475362    0.21524692    0.21571637    0.21616044
    0.21657768    0.21696676    0.21732639    0.21765541    0.21795276    0.21821745    0.21844863    0.21864553
    0.21880753    0.21893407    0.21902476    0.21907929    0.21909749
    0.55298503    0.55311836    0.55351712    0.55417767    0.55509405    0.55625809    0.55765966    0.55928680
    0.56112609    0.56316277    0.56538114    0.56776467    0.57029636    0.57295885    0.57573467    0.57860634
    0.58155653    0.58456810    0.58762418    0.59070821    0.59380390    0.59689523    0.59996640    0.60300179
    0.60598589    0.60890324    0.61173836    0.61447572    0.61709970    0.61959459    0.62194459    0.62413389
    0.62614678    0.62796774    0.62958172    0.63097430    0.63213205    0.63304291    0.63369656    0.63408498
    0.63420291    0.63404854    0.63362403    0.63293625    0.63199737    0.63082549    0.62944514    0.62788765
    0.62619131    0.62440114    0.62256838    0.62074935    0.61900388    0.61739303    0.61597645    0.61480919
    0.61393849    0.61340074    0.61321887    0.61336352    0.61379654    0.61451521    0.61551494    0.61678924
    0.61832967    0.62012580    0.62216512    0.62443295    0.62691246    0.62958457    0.63242797    0.63541916
    0.63853250    0.64174038    0.64501333    0.64832036    0.65162919    0.65490668    0.65811920    0.65811920
    0.66113457    0.66402755    0.66676895    0.66933085    0.67168699    0.67381320    0.67568769    0.67729136
    0.67860802    0.67962457    0.68033112    0.68072100    0.68079080    0.68054026    0.67997219    0.67909225
    0.67790879    0.67643259    0.67467656    0.67265545    0.67038557    0.66788440    0.66517030    0.66226223
    0.65917937    0.65594090    0.65256575    0.64907236    0.64547854    0.64180132    0.63805685    0.63426037
    0.63042620    0.62656774    0.62269755    0.61882743    0.61496851    0.61113140    0.60732627    0.60356306
    0.59985154    0.59620148    0.59262278    0.58912552    0.58572009    0.58241724    0.57922808    0.57616412
    0.57323721    0.57045953    0.56784343    0.56540134    0.56314565    0.56108847    0.55924147    0.55761567
    0.55622120    0.55506707    0.55416101    0.55350924    0.55311632    0.55298503    0.55311961    0.55352246
    0.55419092    0.55512062    0.55630566    0.55773872    0.55941131    0.56131398    0.56343655    0.56576834
    0.56829844    0.57101589    0.57390990    0.57696999    0.58018617    0.58354898    0.58704959    0.59067983
    0.59443212    0.59829949    0.60227541    0.60635372    0.61052843    0.61479352    0.61914276    0.62356940
    0.62806599    0.63262400    0.63723363    0.64188348    0.64656031    0.65124878    0.65593123    0.66058759
    0.66519517    0.66972873    0.67416053    0.67846047    0.68259640    0.68653452    0.69023992    0.69367723
    0.69681136    0.69960836    0.70203630    0.70406619    0.70567286    0.70683580    0.70753979    0.70777551
    0.70773109    0.70759773    0.70737514    0.70706285    0.70666022    0.70616653    0.70558099    0.70490279
    0.70413121    0.70326564    0.70230571    0.70125132    0.70010279    0.69886089    0.69752698    0.69610305
    0.69459188    0.69299708    0.69132318    0.68957576    0.68776148    0.68588822    0.68396509    0.68200254
    0.68001236    0.67800778    0.67600337    0.67401511    0.67206023    0.67015712    0.66832512    0.66658428
    0.66495500    0.66345762    0.66211198    0.66093685    0.65994939    0.65916462    0.65859484    0.65824920
    0.65813335    0.65799644    0.65758735    0.65691091    0.65597513    0.65479110    0.65337281    0.65173705
    0.64990316    0.64789286    0.64573001    0.64344036    0.64105128    0.63859152    0.63609092    0.63358010
    0.63109017    0.62865242    0.62629791    0.62405716    0.62195971    0.62003370    0.61830546    0.61679898
    0.61553555    0.61453327    0.61380666    0.61336636    0.61321887
 
 Eigenvalues /eV
  -10.37020249  -10.36942498  -10.36709322  -10.36320950  -10.35777774  -10.35080357  -10.34229446  -10.33225986
  -10.32071145  -10.30766329  -10.29313205  -10.27713723  -10.25970133  -10.24085012  -10.22061274  -10.19902191
  -10.17611405  -10.15192939  -10.12651210  -10.09991032  -10.07217629  -10.04336635  -10.01354104   -9.98276516
   -9.95110781   -9.91864252   -9.88544728   -9.85160470   -9.81720206   -9.78233145   -9.74708980   -9.71157899
   -9.67590575   -9.64018167   -9.60452297   -9.56905023   -9.53388794   -9.49916396   -9.46500872   -9.43155436
   -9.39893363   -9.36727868   -9.33671973   -9.30738370   -9.27939272   -9.25286281   -9.22790253   -9.20461192
   -9.18308157   -9.16339202   -9.14561349   -9.12980583   -9.11601896   -9.10429339   -9.09466109   -9.08714641
   -9.08176703   -9.07853485   -9.07745672   -9.07684577   -9.07501693   -9.07198229   -9.06776240   -9.06238682
   -9.05589493   -9.04833690   -9.03977492   -9.03028450   -9.01995596   -9.00889594   -8.99722893   -8.98509861
   -8.97266903   -8.96012536   -8.94767414   -8.93554284   -8.92397851   -8.91324551   -8.90362205   -8.90362205
   -8.89563624   -8.88922269   -8.88464271   -8.88214868   -8.88197720   -8.88434215   -8.88942796   -8.89738355
   -8.90831726   -8.92229309   -8.93932859   -8.95939441   -8.98241574   -9.00827522   -9.03681745   -9.06785454
   -9.10117243   -9.13653762   -9.17370383   -9.21241845   -9.25242831   -9.29348477   -9.33534786   -9.37778950
   -9.42059589   -9.46356900   -9.50652728   -9.54930582   -9.59175596   -9.63374450   -9.67515268   -9.71587492
   -9.75581757   -9.79489753   -9.83304103   -9.87018241   -9.90626303   -9.94123031   -9.97503691  -10.00764006
  -10.03900092  -10.06908420  -10.09785774  -10.12529228  -10.15136122  -10.17604047  -10.19930831  -10.22114532
  -10.24153423  -10.26045988  -10.27790905  -10.29387042  -10.30833436  -10.32129285  -10.33273931  -10.34266840
  -10.35107593  -10.35795865  -10.36331414  -10.36714063  -10.36943697  -10.37020249  -10.36941777  -10.36706365
  -10.36314027  -10.35764793  -10.35058715  -10.34195871  -10.33176384  -10.32000425  -10.30668228  -10.29180105
  -10.27536447  -10.25737744  -10.23784582  -10.21677656  -10.19417772  -10.17005848  -10.14442920  -10.11730146
  -10.08868815  -10.05860364  -10.02706401   -9.99408742   -9.95969470   -9.92391007   -9.88676218   -9.84828550
   -9.80852196   -9.76752312   -9.72535270   -9.68208963   -9.63783152   -9.59269855   -9.54683776   -9.50042752
   -9.45368198   -9.40685532   -9.36024527   -9.31419564   -9.26909714   -9.22538605   -9.18354014   -9.14407128
   -9.10751455   -9.07441363   -9.04530300   -9.02068739   -9.00102004   -8.98668106   -8.97795795   -8.97502994
   -8.97486307   -8.97436335   -8.97353345   -8.97237780   -8.97090260   -8.96911574   -8.96702686   -8.96464722
   -8.96198970   -8.95906877   -8.95590037   -8.95250192   -8.94889216   -8.94509115   -8.94112010   -8.93700134
   -8.93275817   -8.92841476   -8.92399602   -8.91952746   -8.91503508   -8.91054519   -8.90608429   -8.90167888
   -8.89735532   -8.89313967   -8.88905748   -8.88513370   -8.88139241   -8.87785674   -8.87454867   -8.87148888
   -8.86869656   -8.86618935   -8.86398311   -8.86209188   -8.86052771   -8.85930061   -8.85841843   -8.85788685
   -8.85770928   -8.85847625   -8.86076429   -8.86453517   -8.86972635   -8.87625270   -8.88400875   -8.89287143
   -8.90270304   -8.91335451   -8.92466858   -8.93648301   -8.94863356   -8.96095676   -8.97329232   -8.98548528
   -8.99738772   -9.00886025   -9.01977307   -9.03000679   -9.03945303   -9.04801474   -9.05560644   -9.06215425
   -9.06759590   -9.07188064   -9.07496915   -9.07683343   -9.07745672
    6.36255173    6.35928139    6.34949983    6.33329475    6.31081008    6.28224278    6.24783871    6.20788762
    6.16271779    6.11269041    6.05819395    5.99963885    5.93745261    5.87207532    5.80395593    5.73354900
    5.66131217    5.58770417    5.51318337    5.43820681    5.36322965    5.28870487    5.21508332    5.14281386
    5.07234358    5.00411807    4.93858153    4.87617670    4.81734450    4.76252322    4.71214720    4.66664475
    4.62643532    4.59192558    4.56350439    4.54153645    4.52635429    4.51824881    4.51745780    4.52415274
    4.53842365    4.56026222    4.58954342    4.62600620    4.66923399    4.71863621    4.77343221    4.83263986
    4.89507096    4.95933645    5.02386397    5.08693070    5.14671300    5.20135322    5.24904208    5.28811199
    5.31713419    5.33501030    5.34104788    5.34151996    5.34293510    5.34529012    5.34857967    5.35279634
    5.35793060    5.36397089    5.37090363    5.37871325    5.38738231    5.39689146    5.30130787    5.19757498
    5.08917283    4.97693030    4.86173079    4.74450785    4.62623903    4.50793785    4.39064368    4.39064368
    4.27908373    4.17040691    4.06555304    3.96543327    3.87091492    3.78280643    3.70184299    3.62867360
    3.56385016    3.50781921    3.46091666    3.42336576    3.39527839    3.37665939    3.36741366    3.36735552
    3.37621969    3.39367333    3.41932848    3.45275444    3.49348940    3.54105121    3.59494690    3.65468069
    3.71976070    3.78970410    3.86404092    3.94231662    4.02409356    4.10895150    4.19648730    4.28631407
    4.37805970    4.47136518    4.56588262    4.66127310    4.75720460    4.85334983    4.94938425    5.04498418
    5.13982519    5.23358062    5.32592045    5.41651048    5.50501183    5.59108085    5.67436944    5.75452583
    5.83119589    5.90402488    5.97265984    6.03675246    6.09596254    6.14996188    6.19843865    6.24110204
    6.27768706    6.30795940    6.33171998    6.34880913    6.35911010    6.36255173    6.35894790    6.34815791
    6.33024566    6.30531573    6.27351072    6.23500763    6.19001363    6.13876140    6.08150420    6.01851104
    5.95006188    5.87644329    5.79794448    5.71485389    5.62745629    5.53603057    5.44084806    5.34217147
    5.24025446    5.13534173    5.02766973    4.91746790    4.80496057    4.69036931    4.57391599    4.45582636
    4.33633427    4.21568651    4.09414816    3.97200855    3.84958763    3.72724259    3.60537471    3.48443596
    3.36493512    3.24744286    3.13259542    3.02109598    2.91371330    2.81127672    2.71466701    2.62480248
    2.54262022    2.46905249    2.40499905    2.35129645    2.30868619    2.27778373    2.25905093    2.25277430
    2.25469841    2.26047229    2.27010043    2.28359017    2.30095130    2.32219564    2.34733645    2.37638768
    2.40936304    2.44627492    2.48713311    2.53194327    2.58070521    2.63341090    2.69004213    2.75056797
    2.81494181    2.88309809    2.95494870    3.03037890    3.10924302    3.19135975    3.27650703    3.36441678
    3.45476926    3.54718711    3.64122915    3.73638365    3.83206068    3.92758332    4.02217647    4.11495229
    4.20489058    4.29081256    4.37134782    4.44489816    4.50961173    4.56339882    4.60404286    4.62946354
    4.63812750    4.64218409    4.65430493    4.67434386    4.70205949    4.73711839    4.77909943    4.82749908
    4.88173748    4.94116521    5.00507051    5.07268690    5.14320108    5.21576111    5.28948480    5.36346845
    5.40794656    5.39759066    5.38802690    5.37928435    5.37138953    5.36436635    5.35823608    5.35301726
    5.34872566    5.34537425    5.34297313    5.34152956    5.34104788
    6.36255173    6.36225563    6.36136823    6.35989219    6.35783194    6.35519367    6.35198529    6.34821643
    6.34389839    6.33904411    6.33366814    6.32778658    6.32141701    6.31457848    6.30729143    6.29957760
    6.29146001    6.28296283    6.27411137    6.26493194    6.25545181    6.24569912    6.23570277    6.22549235
    6.21509805    6.20455058    6.19388104    6.18312088    6.17230174    6.16145542    6.15061375    6.13980851
    6.12907132    6.11843359    6.10792636    6.09758028    6.08742548    6.07749150    6.06780721    6.05840070
    6.04929925    6.04052920    6.03211594    6.02408376    6.01645585    6.00925421    6.00249959    5.99621144
    5.99040785    5.98510550    5.98031963    5.97606397    5.97235073    5.96919056    5.96659254    5.96456409
    5.96311103    5.96223753    5.96194609    5.95698594    5.94213689    5.91749309    5.88321130    5.83951070
    5.78667267    5.72504058    5.65501962    5.57707666    5.49174020    5.39960021    5.40721958    5.41834380
    5.43023960    5.44288088    5.45624006    5.47028814    5.48499479    5.50032850    5.51625662    5.51625662
    5.53220517    5.54864756    5.56555175    5.58288510    5.60061444    5.61870619    5.63712640    5.65584093
    5.67481545    5.69401559    5.71340704    5.73295559    5.75262723    5.77238829    5.79220545    5.81204585
    5.83187716    5.85166766    5.87138631    5.89100277    5.91048752    5.92981187    5.94894801    5.96786910
    5.98654923    6.00496350    6.02308807    6.04090010    6.05837786    6.07550068    6.09224895    6.10860418
    6.12454893    6.14006682    6.15514255    6.16976183    6.18391137    6.19757889    6.21075305    6.22342341
    6.23558045    6.24721545    6.25832052    6.26888854    6.27891307    6.28838838    6.29730935    6.30567144
    6.31347066    6.32070350    6.32736691    6.33345827    6.33897530    6.34391607    6.34827895    6.35206259
    6.35526587    6.35788789    6.35992794    6.36138548    6.36226015    6.36255173    6.36240424    6.36196236
    6.36122787    6.36020371    6.35889399    6.35730397    6.35544002    6.35330961    6.35092127    6.34828458
    6.34541007    6.34230925    6.33899451    6.33547909    6.33177702    6.32790305    6.32387262    6.31970177
    6.31540710    6.31100565    6.30651490    6.30195266    6.29733698    6.29268615    6.28801853    6.28335255
    6.27870663    6.27409906    6.26954798    6.26507128    6.26068655    6.25641099    6.25226136    6.24825391
    6.24440433    6.24072765    6.23723824    6.23394973    6.23087493    6.22802582    6.22541351    6.22304815
    6.22093896    6.21909412    6.21752082    6.21622515    6.21521216    6.21448577    6.21404880    6.21390296
    6.21307269    6.21058677    6.20645994    6.20071658    6.19339069    6.18452557    6.17417363    6.16239606
    6.14926242    6.13485026    6.11924464    6.10253762    6.08482769    6.06621921    6.04682176    6.02674951
    6.00612052    5.98505605    5.96367988    5.94211750    5.92049547    5.89894060    5.87757925    5.85653660
    5.83593589    5.81589771    5.79653934    5.77797403    5.76031033    5.74365153    5.72809498    5.71373160
    5.70064530    5.68891251    5.67860177    5.66977328    5.66247860    5.65676032    5.65265182    5.65017708
    5.64935056    5.63195082    5.61461924    5.59741016    5.58037741    5.56357412    5.54705263    5.53086424
    5.51505913    5.49968617    5.48479282    5.47042494    5.45662669    5.44344039    5.43090643    5.41906310
    5.43679603    5.50854872    5.57781519    5.64370244    5.70534737    5.76192899    5.81268113    5.85690532
    5.89398366    5.92339099    5.94470592    5.95762026    5.96194609
    6.36255173    6.36225563    6.36136823    6.35989219    6.35783194    6.35519367    6.35198529    6.34821643
    6.34389839    6.33904411    6.33366814    6.32778658    6.32141701    6.31457848    6.30729143    6.29957760
    6.29146001    6.28296283    6.27411137    6.26493194    6.25545181    6.24569912    6.23570277    6.22549235
    6.21509805    6.20455058    6.19388104    6.18312088    6.17230174    6.16145542    6.15061375    6.13980851
    6.12907132    6.11843359    6.10792636    6.09758028    6.08742548    6.07749150    6.06780721    6.05840070
    6.04929925    6.04052920    6.03211594    6.02408376    6.01645585    6.00925421    6.00249959    5.99621144
    5.99040785    5.98510550    5.98031963    5.97606397    5.97235073    5.96919056    5.96659254    5.96456409
    5.96311103    5.96223753    5.96194609    5.96217891    5.96287666    5.96403720    5.96565697    5.96773101
    5.97025298    5.97321521    5.97660868    5.98042311    5.98464700    5.98926767    5.99427129    5.99964300
    6.00536693    6.01142628    6.01780342    6.02447992    6.03143666    6.03865392    6.04611144    6.04611144
    6.05353766    6.06115043    6.06893044    6.07685823    6.08491423    6.09307889    6.10133272    6.10965634
    6.11803062    6.12643668    6.13485600    6.14327045    6.15166240    6.16001471    6.16831087    6.17653496
    6.18467176    6.19270678    6.20062628    6.20841731    6.21606775    6.22356632    6.23090261    6.23806708
    6.24505108    6.25184684    6.25844750    6.26484706    6.27104039    6.27702323    6.28279214    6.28834448
    6.29367842    6.29879284    6.30368734    6.30836221    6.31281835    6.31705723    6.32108087    6.32489176
    6.32849283    6.33188739    6.33507904    6.33807168    6.34086942    6.34347650    6.34589730    6.34813620
    6.35019762    6.35208590    6.35380527    6.35535983    6.35675347    6.35798984    6.35907232    6.36000396
    6.36078751    6.36142529    6.36191928    6.36227102    6.36248161    6.36255173    6.36240424    6.36196236
    6.36122787    6.36020371    6.35889399    6.35730397    6.35544002    6.35330961    6.35092127    6.34828458
    6.34541007    6.34230925    6.33899451    6.33547909    6.33177702    6.32790305    6.32387262    6.31970177
    6.31540710    6.31100565    6.30651490    6.30195266    6.29733698    6.29268615    6.28801853    6.28335255
    6.27870663    6.27409906    6.26954798    6.26507128    6.26068655    6.25641099    6.25226136    6.24825391
    6.24440433    6.24072765    6.23723824    6.23394973    6.23087493    6.22802582    6.22541351    6.22304815
    6.22093896    6.21909412    6.21752082    6.21622515    6.21521216    6.21448577    6.21404880    6.21390296
    6.21368008    6.21301035    6.21189044    6.21031477    6.20827542    6.20576207    6.20276186    6.19925925
    6.19523586    6.19067024    6.18553769    6.17980995    6.17345499    6.16643667    6.15871447    6.15024319
    6.14097265    6.13084748    6.11980697    6.10778498    6.09471018    6.08050642    6.06509361    6.04838911
    6.03030996    6.01077611    5.98971531    5.96706986    5.94280624    5.91692840    5.88949604    5.86064927
    5.83064150    5.79988189    5.76898744    5.73884016    5.71063516    5.68588708    5.66633998    5.65372238
    5.64935056    5.66676381    5.68413570    5.70141141    5.71853628    5.73545599    5.75211678    5.76846556
    5.78445014    5.80001940    5.81512342    5.82971368    5.84374323    5.85716682    5.86994111    5.88202476
    5.89337861    5.90396580    5.91375193    5.92270515    5.93079629    5.93799895    5.94428961    5.94964771
    5.95405574    5.95749927    5.95996702    5.96145091    5.96194609
   15.04748825   15.05111630   15.06196716   15.07994175   15.10487763   15.13655290   15.17469130   15.21896827
   15.26901767   15.32443880   15.38480346   15.44966276   15.51855345   15.59100358   15.66653747   15.74467970
   15.82495836   15.90690731   15.99006764   16.07398833   16.15822626   16.24234552   16.32591633   16.40851357
   16.48971514   16.56910025   16.64624781   16.72073519   16.79213734   16.86002659   16.92397327   16.98354726
   17.03832066   17.08787174   17.13179024   17.16968420   17.20118832   17.22597396   17.24376080   17.25433007
   17.25753932   17.25333848   17.24178701   17.22307154   17.19752336   17.16563490   17.12807370   17.08569240
   17.03953248   16.99081954   16.94094749   16.89144928   16.84395248   16.80011922   16.76157201   16.72980914
   16.70611636   16.69148333   16.68653449   16.69047048   16.70225372   16.72180974   16.74901366   16.78368903
   16.82560643   16.87448171   16.92997422   16.99168512   17.05915594   17.13186767   17.20924058   17.29063501
   17.37535349   17.46264413   17.55170572   17.64169447   17.73173241   17.82091743   17.90833468   17.90833468
   17.99038699   18.06910906   18.14370635   18.21341900   18.27753293   18.33539006   18.38639755   18.43003560
   18.46586375   18.49352556   18.51275162   18.52336083   18.52526015   18.51844272   18.50298460   18.47904027
   18.44683683   18.40666734   18.35888325   18.30388622   18.24211950   18.17405909   18.10020490   18.02107215
   17.93718319   17.84906000   17.75721744   17.66215755   17.56436479   17.46430246   17.36241024   17.25910284
   17.15476970   17.04977566   16.94446248   16.83915114   16.73414467   16.62973144   16.52618875   16.42378649
   16.32279085   16.22346780   16.12608629   16.03092103   15.93825468   15.84837944   15.76159796   15.67822329
   15.59857824   15.52299361   15.45180578   15.38535332   15.32397282   15.26799410   15.21773479   15.17349451
   15.13554887   15.10414350   15.07948838   15.06175275   15.05106075   15.04748825   15.05115045   15.06211261
   15.08030218   15.10560065   15.13784708   15.17684266   15.22235627   15.27413058   15.33188851   15.39533981
   15.46418731   15.53813292   15.61688287   15.70015231   15.78766891   15.87917559   15.97443213   16.07321584
   16.17532101   16.28055744   16.38874785   16.49972431   16.61332380   16.72938288   16.84773160   16.96818683
   17.09054506   17.21457488   17.34000930   17.46653824   17.59380123   17.72138084   17.84879704   17.97550279
   18.10088144   18.22424610   18.34484152   18.46184876   18.57439301   18.68155467   18.78238379   18.87591776
   18.96120185   19.03731210   19.10337970   19.15861580   19.20233564   19.23398068   19.25313735   19.25955148
   19.25834279   19.25471396   19.24865698   19.24015895   19.22920294   19.21576902   19.19983557   19.18138091
   19.16038507   19.13683178   19.11071062   19.08201934   19.05076620   19.01697243   18.98067473   18.94192778
   18.90080679   18.85740994   18.81186087   18.76431108   18.71494220   18.66396815   18.61163714   18.55823329
   18.50407793   18.44953034   18.39498774   18.34088436   18.28768931   18.23590298   18.18605182   18.13868117
   18.09434613   18.05360047   18.01698368   17.98500671   17.95813672   17.93678195   17.92127734   17.91187202
   17.90871961   17.90499421   17.89386215   17.87545529   17.84999158   17.81777236   17.77917879   17.73466735
   17.68476464   17.63006169   17.57120761   17.50890296   17.44389281   17.37695939   17.30891451   17.24059160
   17.17283731   17.10650259   17.04243314   16.98145921   16.92438469   16.87197550   16.82494753   16.78395429
   16.74957462   16.72230103   16.70252898   16.69054795   16.68653449
 
 Fillings
     2.00000     2.00000     2.00000     2.00000     2.00000     2.00000     2.00000     2.00000
     2.00000     2.00000     2.00000     2.00000     2.00000     2.00000     2.00000     2.00000
     2.00000     2.00000     2.00000     2.00000     2.00000     2.00000     2.00000     2.00000
     2.00000     2.00000     2.00000     2.00000     2.00000     2.00000     2.00000     2.00000
     2.00000     2.00000     2.00000     2.00000     2.00000     2.00000     2.00000     2.00000
     2.00000     2.00000     2.00000     2.00000     2.00000     2.00000     2.00000     2.00000
     2.00000     2.00000     2.00000     2.00000     2.00000     2.00000     2.00000     2.00000
     2.00000     2.00000     2.00000     2.00000     2.00000     2.00000     2.00000     2.00000
     2.00000     2.00000     2.00000     2.00000     2.00000     2.00000     2.00000     2.00000
     2.00000     2.00000     2.00000     2.00000     2.00000     2.00000     2.00000     2.00000
     2.00000     2.00000     2.00000     2.00000     2.00000     2.00000     2.00000     2.00000
     2.00000     2.00000     2.00000     2.00000     2.00000     2.00000     2.00000     2.00000
     2.00000     2.00000     2.00000     2.00000     2.00000     2.00000     2.00000     2.00000
     2.00000     2.00000     2.00000     2.00000     2.00000     2.00000     2.00000     2.00000
     2.00000     2.00000     2.00000     2.00000     2.00000     2.00000     2.00000     2.00000
     2.00000     2.00000     2.00000     2.00000     2.00000     2.00000     2.00000     2.00000
     2.00000     2.00000     2.00000     2.00000     2.00000     2.00000     2.00000     2.00000
     2.00000     2.00000     2.00000     2.00000     2.00000     2.00000     2.00000     2.00000
     2.00000     2.00000     2.00000     2.00000     2.00000     2.00000     2.00000     2.00000
     2.00000     2.00000     2.00000     2.00000     2.00000     2.00000     2.00000     2.00000
     2.00000     2.00000     2.00000     2.00000     2.00000     2.00000     2.00000     2.00000
     2.00000     2.00000     2.00000     2.00000     2.00000     2.00000     2.00000     2.00000
     2.00000     2.00000     2.00000     2.00000     2.00000     2.00000     2.00000     2.00000
     2.00000     2.00000     2.00000     2.00000     2.00000     2.00000     2.00000     2.00000
     2.00000     2.00000     2.00000     2.00000     2.00000     2.00000     2.00000     2.00000
     2.00000     2.00000     2.00000     2.00000     2.00000     2.00000     2.00000     2.00000
     2.00000     2.00000     2.00000     2.00000     2.00000     2.00000     2.00000     2.00000
     2.00000     2.00000     2.00000     2.00000     2.00000     2.00000     2.00000     2.00000
     2.00000     2.00000     2.00000     2.00000     2.00000     2.00000     2.00000     2.00000
     2.00000     2.00000     2.00000     2.00000     2.00000     2.00000     2.00000     2.00000
     2.00000     2.00000     2.00000     2.00000     2.00000     2.00000     2.00000     2.00000
     2.00000     2.00000     2.00000     2.00000     2.00000     2.00000     2.00000     2.00000
     2.00000     2.00000     2.00000     2.00000     2.00000
     2.00000     2.00000     2.00000     2.00000     2.00000     2.00000     2.00000     2.00000
     2.00000     2.00000     2.00000     2.00000     2.00000     2.00000     2.00000     2.00000
     2.00000     2.00000     2.00000     2.00000     2.00000     2.00000     2.00000     2.00000
     2.00000     2.00000     2.00000     2.00000     2.00000     2.00000     2.00000     2.00000
     2.00000     2.00000     2.00000     2.00000     2.00000     2.00000     2.00000     2.00000
     2.00000     2.00000     2.00000     2.00000     2.00000     2.00000     2.00000     2.00000
     2.00000     2.00000     2.00000     2.00000     2.00000     2.00000     2.00000     2.00000
     2.00000     2.00000     2.00000     2.00000     2.00000     2.00000     2.00000     2.00000
     2.00000     2.00000     2.00000     2.00000     2.00000     2.00000     2.00000     2.00000
     2.00000     2.00000     2.00000     2.00000     2.00000     2.00000     2.00000     2.00000
     2.00000     2.00000     2.00000     2.00000     2.00000     2.00000     2.00000     2.00000
     2.00000     2.00000     2.00000     2.00000     2.00000     2.00000     2.00000     2.00000
     2.00000     2.00000     2.00000     2.00000     2.00000     2.00000     2.00000     2.00000
     2.00000     2.00000     2.00000     2.00000     2.00000     2.00000     2.00000     2.00000
     2.00000     2.00000     2.00000     2.00000     2.00000     2.00000     2.00000     2.00000
     2.00000     2.00000     2.00000     2.00000     2.00000     2.00000     2.00000     2.00000
     2.00000     2.00000     2.00000     2.00000     2.00000     2.00000     2.00000     2.00000
     2.00000     2.00000     2.00000     2.00000     2.00000     2.00000     2.00000     2.00000
     2.00000     2.00000     2.00000     2.00000     2.00000     2.00000     2.00000     2.00000
     2.00000     2.00000     2.00000     2.00000     2.00000     2.00000     2.00000     2.00000
     2.00000     2.00000     2.00000     2.00000     2.00000     2.00000     2.00000     2.00000
     2.00000     2.00000     2.00000     2.00000     2.00000     2.00000     2.00000     2.00000
     2.00000     2.00000     2.00000     2.00000     2.00000     2.00000     2.00000     2.00000
     2.00000     2.00000     2.00000     2.00000     2.00000     2.00000     2.00000     2.00000
     2.00000     2.00000     2.00000     2.00000     2.00000     2.00000     2.00000     2.00000
     2.00000     2.00000     2.00000     2.00000     2.00000     2.00000     2.00000     2.00000
     2.00000     2.00000     2.00000     2.00000     2.00000     2.00000     2.00000     2.00000
     2.00000     2.00000     2.00000     2.00000     2.00000     2.00000     2.00000     2.00000
     2.00000     2.00000     2.00000     2.00000     2.00000     2.00000     2.00000     2.00000
     2.00000     2.00000     2.00000     2.00000     2.00000     2.00000     2.00000     2.00000
     2.00000     2.00000     2.00000     2.00000     2.00000     2.00000     2.00000     2.00000
     2.00000     2.00000     2.00000     2.00000     2.00000     2.00000     2.00000     2.00000
     2.00000     2.00000     2.00000     2.00000     2.00000
     2.00000     2.00000     2.00000     2.00000     2.00000     2.00000     2.00000     2.00000
     2.00000     2.00000     2.00000     2.00000     2.00000     2.00000     2.00000     2.00000
     2.00000     2.00000     2.00000     2.00000     2.00000     2.00000     2.00000     2.00000
     2.00000     2.00000     2.00000     2.00000     2.00000     2.00000     2.00000     2.00000
     2.00000     2.00000     2.00000     2.00000     2.00000     2.00000     2.00000     2.00000
     2.00000     2.00000     2.00000     2.00000     2.00000     2.00000     2.00000     2.00000
     2.00000     2.00000     2.00000     2.00000     2.00000     2.00000     2.00000     2.00000
     2.00000     2.00000     2.00000     2.00000     2.00000     2.00000     2.00000     2.00000
     2.00000     2.00000     2.00000     2.00000     2.00000     2.00000     2.00000     2.00000
     2.00000     2.00000     2.00000     2.00000     2.00000     2.00000     2.00000     2.00000
     2.00000     2.00000     2.00000     2.00000     2.00000     2.00000     2.00000     2.00000
     2.00000     2.00000     2.00000     2.00000     2.00000     2.00000     2.00000     2.00000
     2.00000     2.00000     2.00000     2.00000     2.00000     2.00000     2.00000     2.00000
     2.00000     2.00000     2.00000     2.00000     2.00000     2.00000     2.00000     2.00000
     2.00000     2.00000     2.00000     2.00000     2.00000     2.00000     2.00000     2.00000
     2.00000     2.00000     2.00000     2.00000     2.00000     2.00000     2.00000     2.00000
     2.00000     2.00000     2.00000     2.00000     2.00000     2.00000     2.00000     2.00000
     2.00000     2.00000     2.00000     2.00000     2.00000     2.00000     2.00000     2.00000
     2.00000     2.00000     2.00000     2.00000     2.00000     2.00000     2.00000     2.00000
     2.00000     2.00000     2.00000     2.00000     2.00000     2.00000     2.00000     2.00000
     2.00000     2.00000     2.00000     2.00000     2.00000     2.00000     2.00000     2.00000
     2.00000     2.00000     2.00000     2.00000     2.00000     2.00000     2.00000     2.00000
     2.00000     2.00000     2.00000     2.00000     2.00000     2.00000     2.00000     2.00000
     2.00000     2.00000     2.00000     2.00000     2.00000     2.00000     2.00000     2.00000
     2.00000     2.00000     2.00000     2.00000     2.00000     2.00000     2.00000     2.00000
     2.00000     2.00000     2.00000     2.00000     2.00000     2.00000     2.00000     2.00000
     2.00000     2.00000     2.00000     2.00000     2.00000     2.00000     2.00000     2.00000
     2.00000     2.00000     2.00000     2.00000     2.00000     2.00000     2.00000     2.00000
     2.00000     2.00000     2.00000     2.00000     2.00000     2.00000     2.00000     2.00000
     2.00000     2.00000     2.00000     2.00000     2.00000     2.00000     2.00000     2.00000
     2.00000     2.00000     2.00000     2.00000     2.00000     2.00000     2.00000     2.00000
     2.00000     2.00000     2.00000     2.00000     2.00000     2.00000     2.00000     2.00000
     2.00000     2.00000     2.00000     2.00000     2.00000
     2.00000     2.00000     2.00000     2.00000     2.00000     2.00000     2.00000     2.00000
     2.00000     2.00000     2.00000     2.00000     2.00000     2.00000     2.00000     2.00000
     2.00000     2.00000     2.00000     2.00000     2.00000     2.00000     2.00000     2.00000
     2.00000     2.00000     2.00000     2.00000     2.00000     2.00000     2.00000     2.00000
     2.00000     2.00000     2.00000     2.00000     2.00000     2.00000     2.00000     2.00000
     2.00000     2.00000     2.00000     2.00000     2.00000     2.00000     2.00000     2.00000
     2.00000     2.00000     2.00000     2.00000     2.00000     2.00000     2.00000     2.00000
     2.00000     2.00000     2.00000     2.00000     2.00000     2.00000     2.00000     2.00000
     2.00000     2.00000     2.00000     2.00000     2.00000     2.00000     2.00000     2.00000
     2.00000     2.00000     2.00000     2.00000     2.00000     2.00000     2.00000     2.00000
     2.00000     2.00000     2.00000     2.00000     2.00000     2.00000     2.00000     2.00000
     2.00000     2.00000     2.00000     2.00000     2.00000     2.00000     2.00000     2.00000
     2.00000     2.00000     2.00000     2.00000     2.00000     2.00000     2.00000     2.00000
     2.00000     2.00000     2.00000     2.00000     2.00000     2.00000     2.00000     2.00000
     2.00000     2.00000     2.00000     2.00000     2.00000     2.00000     2.00000     2.00000
     2.00000     2.00000     2.00000     2.00000     2.00000     2.00000     2.00000     2.00000
     2.00000     2.00000     2.00000     2.00000     2.00000     2.00000     2.00000     2.00000
     2.00000     2.00000     2.00000     2.00000     2.00000     2.00000     2.00000     2.00000
     2.00000     2.00000     2.00000     2.00000     2.00000     2.00000     2.00000     2.00000
     2.00000     2.00000     2.00000     2.00000     2.00000     2.00000     2.00000     2.00000
     2.00000     2.00000     2.00000     2.00000     2.00000     2.00000     2.00000     2.00000
     2.00000     2.00000     2.00000     2.00000     2.00000     2.00000     2.00000     2.00000
     2.00000     2.00000     2.00000     2.00000     2.00000     2.00000     2.00000     2.00000
     2.00000     2.00000     2.00000     2.00000     2.00000     2.00000     2.00000     2.00000
     2.00000     2.00000     2.00000     2.00000     2.00000     2.00000     2.00000     2.00000
     2.00000     2.00000     2.00000     2.00000     2.00000     2.00000     2.00000     2.00000
     2.00000     2.00000     2.00000     2.00000     2.00000     2.00000     2.00000     2.00000
     2.00000     2.00000     2.00000     2.00000     2.00000     2.00000     2.00000     2.00000
     2.00000     2.00000     2.00000     2.00000     2.00000     2.00000     2.00000     2.00000
     2.00000     2.00000     2.00000     2.00000     2.00000     2.00000     2.00000     2.00000
     2.00000     2.00000     2.00000     2.00000     2.00000     2.00000     2.00000     2.00000
     2.00000     2.00000     2.00000     2.00000     2.00000     2.00000     2.00000     2.00000
     2.00000     2.00000     2.00000     2.00000     2.00000
     0.00000     0.00000     0.00000     0.00000     0.00000     0.00000     0.00000     0.00000
     0.00000     0.00000     0.00000     0.00000     0.00000     0.00000     0.00000     0.00000
     0.00000     0.00000     0.00000     0.00000     0.00000     0.00000     0.00000     0.00000
     0.00000     0.00000     0.00000     0.00000     0.00000     0.00000     0.00000     0.00000
     0.00000     0.00000     0.00000     0.00000     0.00000     0.00000     0.00000     0.00000
     0.00000     0.00000     0.00000     0.00000     0.00000     0.00000     0.00000     0.00000
     0.00000     0.00000     0.00000     0.00000     0.00000     0.00000     0.00000     0.00000
     0.00000     0.00000     0.00000     0.00000     0.00000     0.00000     0.00000     0.00000
     0.00000     0.00000     0.00000     0.00000     0.00000     0.00000     0.00000     0.00000
     0.00000     0.00000     0.00000     0.00000     0.00000     0.00000     0.00000     0.00000
     0.00000     0.00000     0.00000     0.00000     0.00000     0.00000     0.00000     0.00000
     0.00000     0.00000     0.00000     0.00000     0.00000     0.00000     0.00000     0.00000
     0.00000     0.00000     0.00000     0.00000     0.00000     0.00000     0.00000     0.00000
     0.00000     0.00000     0.00000     0.00000     0.00000     0.00000     0.00000     0.00000
     0.00000     0.00000     0.00000     0.00000     0.00000     0.00000     0.00000     0.00000
     0.00000     0.00000     0.00000     0.00000     0.00000     0.00000     0.00000     0.00000
     0.00000     0.00000     0.00000     0.00000     0.00000     0.00000     0.00000     0.00000
     0.00000     0.00000     0.00000     0.00000     0.00000     0.00000     0.00000     0.00000
     0.00000     0.00000     0.00000     0.00000     0.00000     0.00000     0.00000     0.00000
     0.00000     0.00000     0.00000     0.00000     0.00000     0.00000     0.00000     0.00000
     0.00000     0.00000     0.00000     0.00000     0.00000     0.00000     0.00000     0.00000
     0.00000     0.00000     0.00000     0.00000     0.00000     0.00000     0.00000     0.00000
     0.00000     0.00000     0.00000     0.00000     0.00000     0.00000     0.00000     0.00000
     0.00000     0.00000     0.00000     0.00000     0.00000     0.00000     0.00000     0.00000
     0.00000     0.00000     0.00000     0.00000     0.00000     0.00000     0.00000     0.00000
     0.00000     0.00000     0.00000     0.00000     0.00000     0.00000     0.00000     0.00000
     0.00000     0.00000     0.00000     0.00000     0.00000     0.00000     0.00000     0.00000
     0.00000     0.00000     0.00000     0.00000     0.00000     0.00000     0.00000     0.00000
     0.00000     0.00000     0.00000     0.00000     0.00000     0.00000     0.00000     0.00000
     0.00000     0.00000     0.00000     0.00000     0.00000     0.00000     0.00000     0.00000
     0.00000     0.00000     0.00000     0.00000     0.00000     0.00000     0.00000     0.00000
     0.00000     0.00000     0.00000     0.00000     0.00000     0.00000     0.00000     0.00000
     0.00000     0.00000     0.00000     0.00000     0.00000
 
 Nr. of electrons (up):      8.00000000
 Atom populations (up)
  Atom       Population
     1       0.46314811
     2       7.53685189
 
 l-shell populations (up)
  Atom Sh.   l       Population
     1   1   0       0.46314811
     2   1   0       1.87601032
     2   2   1       5.66084157
 
 Orbital populations (up)
  Atom Sh.   l   m       Population
     1   1   0   0       0.46314811
     2   1   0   0       1.87601032
     2   2   1  -1       1.86363645
     2   2   1   0       1.94534632
     2   2   1   1       1.85185880
 
 Fermi energy:                       0.2338197541 H            6.3626 eV
 Band energy:                        0.5373739050 H           14.6227 eV
 TS:                                 0.0000000000 H            0.0000 eV
 Band free energy (E-TS):            0.5373739050 H           14.6227 eV
 Extrapolated E(0K):                 0.5373739050 H           14.6227 eV
 Input/Output electrons (q):      8.00000000      8.00000000
 
 Energy H0:                         -3.8019715412 H         -103.4569 eV
 Energy SCC:                         0.0918253041 H            2.4987 eV
 Total Electronic energy:           -3.7101462371 H         -100.9582 eV
 Repulsive energy:                   0.0000000000 H            0.0000 eV
 Total energy:                      -3.7101462371 H         -100.9582 eV
 Total Mermin free energy:          -3.7101462371 H         -100.9582 eV
 
 SCC is NOT converged, maximal SCC iterations exceeded
 
